This file contains any messages produced by compilers while
running configure, to aid debugging if configure makes a mistake.

It was created by libtorrent-rasterbar configure 1.2.0, which was
generated by GNU Autoconf 2.69.  Invocation command line was

  $ ./configure --prefix=/home/xiaoming/Desktop/Boost-for-Android/libtorrent/android/armeabi --enable-static --disable-share --enable-cxx --build=x86_64-pc-linux-gnu --host=arm-linux-androideabi MPN_PATH=arm/v5 arm generic --with-boost-system=boost_system --with-boost=/home/xiaoming/Desktop/torrent/boost/1.65.1 --with-boost-libdir=/home/xiaoming/Desktop/torrent/boost/1.65.1/libs/armeabi/gnu-4.9 --with-openssl=/home/xiaoming/Desktop/Boost-for-Android/openssl-android/armeabi-v7a

## --------- ##
## Platform. ##
## --------- ##

hostname = ubuntu
uname -m = x86_64
uname -r = 3.13.0-32-generic
uname -s = Linux
uname -v = #57-Ubuntu SMP Tue Jul 15 03:51:08 UTC 2014

/usr/bin/uname -p = unknown
/bin/uname -X     = unknown

/bin/arch              = unknown
/usr/bin/arch -k       = unknown
/usr/convex/getsysinfo = unknown
/usr/bin/hostinfo      = unknown
/bin/machine           = unknown
/usr/bin/oslevel       = unknown
/bin/universe          = unknown

PATH: /tmp/android-9-arm32/bin
PATH: /tmp/android-21-arm64/bin
PATH: /var/tmp/jdk1.8.0_131/bin
PATH: /usr/local/sbin
PATH: /usr/local/bin
PATH: /usr/sbin
PATH: /usr/bin
PATH: /sbin
PATH: /bin
PATH: /usr/games
PATH: /usr/local/games
PATH: /home/xiaoming/jdk1.6.0_45/bin
PATH: /home/xiaoming/6410/Android-2.3.4/out/host/linux-x86/bin
PATH: /var/tmp/jdk1.8.0_131/jre/bin
PATH: /home/xiaoming/CodeSourcery/Sourcery_G++_Lite/bin
PATH: /home/xiaoming/opt/FriendlyARM/toolschain/4.5.1/bin
PATH: /home/xiaoming/Android/Sdk/tools
PATH: /home/xiaoming/Android/Sdk/platform-tools
PATH: /home/xiaoming/Android/Sdk/ndk-bundle
PATH: /home/xiaoming/6410/Android-2.3.4/out/host/linux-x86/bin
PATH: /home/xiaoming/6410/Android-2.3.4/prebuilt/linux-x86/toolchain/arm-eabi-4.4.3/bin
PATH: /usr/local/go/bin
PATH: /home/xiaoming/android-gcc-toolchain/android-gcc-toolchain


## ----------- ##
## Core tests. ##
## ----------- ##

configure:2428: checking whether make supports nested variables
configure:2445: result: yes
configure:2493: checking for arm-linux-androideabi-gcc
configure:2509: found /tmp/android-9-arm32/bin/arm-linux-androideabi-gcc
configure:2520: result: arm-linux-androideabi-gcc
configure:2789: checking for C compiler version
configure:2798: arm-linux-androideabi-gcc --version >&5
arm-linux-androideabi-gcc (GCC) 4.9.x 20150123 (prerelease)
Copyright (C) 2014 Free Software Foundation, Inc.
This is free software; see the source for copying conditions.  There is NO
warranty; not even for MERCHANTABILITY or FITNESS FOR A PARTICULAR PURPOSE.

configure:2809: $? = 0
configure:2798: arm-linux-androideabi-gcc -v >&5
Using built-in specs.
COLLECT_GCC=arm-linux-androideabi-gcc
COLLECT_LTO_WRAPPER=/tmp/android-9-arm32/bin/../libexec/gcc/arm-linux-androideabi/4.9.x/lto-wrapper
Target: arm-linux-androideabi
Configured with: /usr/local/google/buildbot/src/android/gcc/toolchain/build/../gcc/gcc-4.9/configure --prefix=/tmp/59719db9ae19ff43aef46bbcb79596b6 --target=arm-linux-androideabi --host=x86_64-linux-gnu --build=x86_64-linux-gnu --with-gnu-as --with-gnu-ld --enable-languages=c,c++ --with-gmp=/buildbot/tmp/build/toolchain/temp-install --with-mpfr=/buildbot/tmp/build/toolchain/temp-install --with-mpc=/buildbot/tmp/build/toolchain/temp-install --with-cloog=/buildbot/tmp/build/toolchain/temp-install --with-isl=/buildbot/tmp/build/toolchain/temp-install --with-ppl=/buildbot/tmp/build/toolchain/temp-install --disable-ppl-version-check --disable-cloog-version-check --disable-isl-version-check --enable-cloog-backend=isl --with-host-libstdcxx='-static-libgcc -Wl,-Bstatic,-lstdc++,-Bdynamic -lm' --disable-libssp --enable-threads --disable-nls --disable-libmudflap --disable-libgomp --disable-libstdc__-v3 --disable-sjlj-exceptions --disable-shared --disable-tls --disable-libitm --with-float=soft --with-fpu=vfp --with-arch=armv5te --enable-target-optspace --enable-bionic-libs --enable-libatomic-ifuncs=no --enable-initfini-array --disable-nls --prefix=/tmp/59719db9ae19ff43aef46bbcb79596b6 --with-sysroot=/tmp/59719db9ae19ff43aef46bbcb79596b6/sysroot --with-binutils-version=2.25 --with-mpfr-version=3.1.1 --with-mpc-version=1.0.1 --with-gmp-version=5.0.5 --with-gcc-version=4.9 --with-gdb-version=none --with-gxx-include-dir=/tmp/59719db9ae19ff43aef46bbcb79596b6/include/c++/4.9.x --with-bugurl=http://source.android.com/source/report-bugs.html --enable-languages=c,c++ --disable-bootstrap --enable-plugins --enable-libgomp --enable-gnu-indirect-function --disable-libsanitizer --enable-gold --enable-threads --enable-eh-frame-hdr-for-static --enable-graphite=yes --with-isl-version=0.11.1 --with-cloog-version=0.18.0 --with-arch=armv5te --program-transform-name='s&^&arm-linux-androideabi-&' --enable-gold=default
Thread model: posix
gcc version 4.9.x 20150123 (prerelease) (GCC) 
configure:2809: $? = 0
configure:2798: arm-linux-androideabi-gcc -V >&5
arm-linux-androideabi-gcc: error: unrecognized command line option '-V'
arm-linux-androideabi-gcc: fatal error: no input files
compilation terminated.
configure:2809: $? = 1
configure:2798: arm-linux-androideabi-gcc -qversion >&5
arm-linux-androideabi-gcc: error: unrecognized command line option '-qversion'
arm-linux-androideabi-gcc: fatal error: no input files
compilation terminated.
configure:2809: $? = 1
configure:2829: checking whether the C compiler works
configure:2851: arm-linux-androideabi-gcc -pie -fPIE -O2 -g -pedantic -fomit-frame-pointer -Wa,--noexecstack -ffunction-sections -funwind-tables -no-canonical-prefixes -fno-strict-aliasing -fstack-protector -finline-limit=64 -march=armv5te -mtune=xscale -msoft-float -mthumb  -pie -fPIE -Wl,--fix-cortex-a8 -Wl,--no-undefined -Wl,-z,noexecstack -Wl,-z,relro -Wl,-z,now -L/home/xiaoming/Desktop/torrent/boost/1.65.1/libs/armeabi/gnu-4.9 -L/home/xiaoming/Desktop/Boost-for-Android/openssl-android/armeabi-v7a/lib -ldl conftest.c  >&5
configure:2855: $? = 0
configure:2903: result: yes
configure:2906: checking for C compiler default output file name
configure:2908: result: a.out
configure:2914: checking for suffix of executables
configure:2921: arm-linux-androideabi-gcc -o conftest -pie -fPIE -O2 -g -pedantic -fomit-frame-pointer -Wa,--noexecstack -ffunction-sections -funwind-tables -no-canonical-prefixes -fno-strict-aliasing -fstack-protector -finline-limit=64 -march=armv5te -mtune=xscale -msoft-float -mthumb  -pie -fPIE -Wl,--fix-cortex-a8 -Wl,--no-undefined -Wl,-z,noexecstack -Wl,-z,relro -Wl,-z,now -L/home/xiaoming/Desktop/torrent/boost/1.65.1/libs/armeabi/gnu-4.9 -L/home/xiaoming/Desktop/Boost-for-Android/openssl-android/armeabi-v7a/lib -ldl conftest.c  >&5
configure:2925: $? = 0
configure:2947: result: 
configure:2969: checking whether we are cross compiling
configure:3007: result: yes
configure:3012: checking for suffix of object files
configure:3034: arm-linux-androideabi-gcc -c -pie -fPIE -O2 -g -pedantic -fomit-frame-pointer -Wa,--noexecstack -ffunction-sections -funwind-tables -no-canonical-prefixes -fno-strict-aliasing -fstack-protector -finline-limit=64 -march=armv5te -mtune=xscale -msoft-float -mthumb  conftest.c >&5
configure:3038: $? = 0
configure:3059: result: o
configure:3063: checking whether we are using the GNU C compiler
configure:3082: arm-linux-androideabi-gcc -c -pie -fPIE -O2 -g -pedantic -fomit-frame-pointer -Wa,--noexecstack -ffunction-sections -funwind-tables -no-canonical-prefixes -fno-strict-aliasing -fstack-protector -finline-limit=64 -march=armv5te -mtune=xscale -msoft-float -mthumb  conftest.c >&5
configure:3082: $? = 0
configure:3091: result: yes
configure:3100: checking whether arm-linux-androideabi-gcc accepts -g
configure:3120: arm-linux-androideabi-gcc -c -g  conftest.c >&5
configure:3120: $? = 0
configure:3161: result: yes
configure:3178: checking for arm-linux-androideabi-gcc option to accept ISO C89
configure:3241: arm-linux-androideabi-gcc  -c -pie -fPIE -O2 -g -pedantic -fomit-frame-pointer -Wa,--noexecstack -ffunction-sections -funwind-tables -no-canonical-prefixes -fno-strict-aliasing -fstack-protector -finline-limit=64 -march=armv5te -mtune=xscale -msoft-float -mthumb  conftest.c >&5
configure:3241: $? = 0
configure:3254: result: none needed
configure:3282: checking whether arm-linux-androideabi-gcc understands -c and -o together
configure:3304: arm-linux-androideabi-gcc -c conftest.c -o conftest2.o
configure:3307: $? = 0
configure:3304: arm-linux-androideabi-gcc -c conftest.c -o conftest2.o
configure:3307: $? = 0
configure:3319: result: yes
configure:3341: checking how to run the C preprocessor
configure:3372: arm-linux-androideabi-gcc -E  conftest.c
configure:3372: $? = 0
configure:3386: arm-linux-androideabi-gcc -E  conftest.c
conftest.c:9:28: fatal error: ac_nonexistent.h: No such file or directory
 #include <ac_nonexistent.h>
                            ^
compilation terminated.
configure:3386: $? = 1
configure: failed program was:
| /* confdefs.h */
| #define PACKAGE_NAME "libtorrent-rasterbar"
| #define PACKAGE_TARNAME "libtorrent-rasterbar"
| #define PACKAGE_VERSION "1.2.0"
| #define PACKAGE_STRING "libtorrent-rasterbar 1.2.0"
| #define PACKAGE_BUGREPORT "arvid@libtorrent.org"
| #define PACKAGE_URL "http://www.libtorrent.org"
| /* end confdefs.h.  */
| #include <ac_nonexistent.h>
configure:3411: result: arm-linux-androideabi-gcc -E
configure:3431: arm-linux-androideabi-gcc -E  conftest.c
configure:3431: $? = 0
configure:3445: arm-linux-androideabi-gcc -E  conftest.c
conftest.c:9:28: fatal error: ac_nonexistent.h: No such file or directory
 #include <ac_nonexistent.h>
                            ^
compilation terminated.
configure:3445: $? = 1
configure: failed program was:
| /* confdefs.h */
| #define PACKAGE_NAME "libtorrent-rasterbar"
| #define PACKAGE_TARNAME "libtorrent-rasterbar"
| #define PACKAGE_VERSION "1.2.0"
| #define PACKAGE_STRING "libtorrent-rasterbar 1.2.0"
| #define PACKAGE_BUGREPORT "arvid@libtorrent.org"
| #define PACKAGE_URL "http://www.libtorrent.org"
| /* end confdefs.h.  */
| #include <ac_nonexistent.h>
configure:3474: checking whether arm-linux-androideabi-gcc and cc understand -c and -o together
configure:3505: arm-linux-androideabi-gcc -c conftest.c -o conftest2.o >&5
configure:3509: $? = 0
configure:3515: arm-linux-androideabi-gcc -c conftest.c -o conftest2.o >&5
configure:3519: $? = 0
configure:3530: cc -c conftest.c >&5
configure:3534: $? = 0
configure:3542: cc -c conftest.c -o conftest2.o >&5
configure:3546: $? = 0
configure:3552: cc -c conftest.c -o conftest2.o >&5
configure:3556: $? = 0
configure:3574: result: yes
configure:3598: checking for arm-linux-androideabi-g++
configure:3614: found /tmp/android-9-arm32/bin/arm-linux-androideabi-g++
configure:3625: result: arm-linux-androideabi-g++
configure:3696: checking for C++ compiler version
configure:3705: arm-linux-androideabi-g++ --version >&5
arm-linux-androideabi-g++ (GCC) 4.9.x 20150123 (prerelease)
Copyright (C) 2014 Free Software Foundation, Inc.
This is free software; see the source for copying conditions.  There is NO
warranty; not even for MERCHANTABILITY or FITNESS FOR A PARTICULAR PURPOSE.

configure:3716: $? = 0
configure:3705: arm-linux-androideabi-g++ -v >&5
Using built-in specs.
COLLECT_GCC=arm-linux-androideabi-g++
COLLECT_LTO_WRAPPER=/tmp/android-9-arm32/bin/../libexec/gcc/arm-linux-androideabi/4.9.x/lto-wrapper
Target: arm-linux-androideabi
Configured with: /usr/local/google/buildbot/src/android/gcc/toolchain/build/../gcc/gcc-4.9/configure --prefix=/tmp/59719db9ae19ff43aef46bbcb79596b6 --target=arm-linux-androideabi --host=x86_64-linux-gnu --build=x86_64-linux-gnu --with-gnu-as --with-gnu-ld --enable-languages=c,c++ --with-gmp=/buildbot/tmp/build/toolchain/temp-install --with-mpfr=/buildbot/tmp/build/toolchain/temp-install --with-mpc=/buildbot/tmp/build/toolchain/temp-install --with-cloog=/buildbot/tmp/build/toolchain/temp-install --with-isl=/buildbot/tmp/build/toolchain/temp-install --with-ppl=/buildbot/tmp/build/toolchain/temp-install --disable-ppl-version-check --disable-cloog-version-check --disable-isl-version-check --enable-cloog-backend=isl --with-host-libstdcxx='-static-libgcc -Wl,-Bstatic,-lstdc++,-Bdynamic -lm' --disable-libssp --enable-threads --disable-nls --disable-libmudflap --disable-libgomp --disable-libstdc__-v3 --disable-sjlj-exceptions --disable-shared --disable-tls --disable-libitm --with-float=soft --with-fpu=vfp --with-arch=armv5te --enable-target-optspace --enable-bionic-libs --enable-libatomic-ifuncs=no --enable-initfini-array --disable-nls --prefix=/tmp/59719db9ae19ff43aef46bbcb79596b6 --with-sysroot=/tmp/59719db9ae19ff43aef46bbcb79596b6/sysroot --with-binutils-version=2.25 --with-mpfr-version=3.1.1 --with-mpc-version=1.0.1 --with-gmp-version=5.0.5 --with-gcc-version=4.9 --with-gdb-version=none --with-gxx-include-dir=/tmp/59719db9ae19ff43aef46bbcb79596b6/include/c++/4.9.x --with-bugurl=http://source.android.com/source/report-bugs.html --enable-languages=c,c++ --disable-bootstrap --enable-plugins --enable-libgomp --enable-gnu-indirect-function --disable-libsanitizer --enable-gold --enable-threads --enable-eh-frame-hdr-for-static --enable-graphite=yes --with-isl-version=0.11.1 --with-cloog-version=0.18.0 --with-arch=armv5te --program-transform-name='s&^&arm-linux-androideabi-&' --enable-gold=default
Thread model: posix
gcc version 4.9.x 20150123 (prerelease) (GCC) 
configure:3716: $? = 0
configure:3705: arm-linux-androideabi-g++ -V >&5
arm-linux-androideabi-g++: error: unrecognized command line option '-V'
arm-linux-androideabi-g++: fatal error: no input files
compilation terminated.
configure:3716: $? = 1
configure:3705: arm-linux-androideabi-g++ -qversion >&5
arm-linux-androideabi-g++: error: unrecognized command line option '-qversion'
arm-linux-androideabi-g++: fatal error: no input files
compilation terminated.
configure:3716: $? = 1
configure:3720: checking whether we are using the GNU C++ compiler
configure:3739: arm-linux-androideabi-g++ -c -I/home/xiaoming/Desktop/torrent/boost/1.65.1/include/boost  conftest.cpp >&5
configure:3739: $? = 0
configure:3748: result: yes
configure:3757: checking whether arm-linux-androideabi-g++ accepts -g
configure:3777: arm-linux-androideabi-g++ -c -g  conftest.cpp >&5
configure:3777: $? = 0
configure:3818: result: yes
configure:3846: checking how to run the C++ preprocessor
configure:3873: arm-linux-androideabi-g++ -E  conftest.cpp
configure:3873: $? = 0
configure:3887: arm-linux-androideabi-g++ -E  conftest.cpp
conftest.cpp:9:28: fatal error: ac_nonexistent.h: No such file or directory
 #include <ac_nonexistent.h>
                            ^
compilation terminated.
configure:3887: $? = 1
configure: failed program was:
| /* confdefs.h */
| #define PACKAGE_NAME "libtorrent-rasterbar"
| #define PACKAGE_TARNAME "libtorrent-rasterbar"
| #define PACKAGE_VERSION "1.2.0"
| #define PACKAGE_STRING "libtorrent-rasterbar 1.2.0"
| #define PACKAGE_BUGREPORT "arvid@libtorrent.org"
| #define PACKAGE_URL "http://www.libtorrent.org"
| /* end confdefs.h.  */
| #include <ac_nonexistent.h>
configure:3912: result: arm-linux-androideabi-g++ -E
configure:3932: arm-linux-androideabi-g++ -E  conftest.cpp
configure:3932: $? = 0
configure:3946: arm-linux-androideabi-g++ -E  conftest.cpp
conftest.cpp:9:28: fatal error: ac_nonexistent.h: No such file or directory
 #include <ac_nonexistent.h>
                            ^
compilation terminated.
configure:3946: $? = 1
configure: failed program was:
| /* confdefs.h */
| #define PACKAGE_NAME "libtorrent-rasterbar"
| #define PACKAGE_TARNAME "libtorrent-rasterbar"
| #define PACKAGE_VERSION "1.2.0"
| #define PACKAGE_STRING "libtorrent-rasterbar 1.2.0"
| #define PACKAGE_BUGREPORT "arvid@libtorrent.org"
| #define PACKAGE_URL "http://www.libtorrent.org"
| /* end confdefs.h.  */
| #include <ac_nonexistent.h>
configure:3979: checking whether arm-linux-androideabi-g++ understands -c and -o together
configure:4003: arm-linux-androideabi-g++ -I/home/xiaoming/Desktop/torrent/boost/1.65.1/include/boost -c conftest.cpp -o conftest2.o >&5
configure:4007: $? = 0
configure:4014: arm-linux-androideabi-g++ -I/home/xiaoming/Desktop/torrent/boost/1.65.1/include/boost -c conftest.cpp -o conftest2.o >&5
configure:4018: $? = 0
configure:4026: result: yes
configure:4046: checking build system type
configure:4060: result: x86_64-pc-linux-gnu
configure:4080: checking host system type
configure:4093: result: arm-unknown-linux-androideabi
configure:4113: checking target system type
configure:4126: result: arm-unknown-linux-androideabi
configure:4171: checking for a BSD-compatible install
configure:4239: result: /usr/bin/install -c
configure:4250: checking whether build environment is sane
configure:4305: result: yes
configure:4361: checking for arm-linux-androideabi-strip
configure:4377: found /tmp/android-9-arm32/bin/arm-linux-androideabi-strip
configure:4388: result: arm-linux-androideabi-strip
configure:4453: checking for a thread-safe mkdir -p
configure:4492: result: /bin/mkdir -p
configure:4499: checking for gawk
configure:4529: result: no
configure:4499: checking for mawk
configure:4515: found /usr/bin/mawk
configure:4526: result: mawk
configure:4537: checking whether make sets $(MAKE)
configure:4559: result: yes
configure:4589: checking for style of include used by make
configure:4617: result: GNU
configure:4714: checking dependency style of arm-linux-androideabi-gcc
configure:4825: result: gcc3
configure:4842: checking dependency style of arm-linux-androideabi-g++
configure:4953: result: gcc3
configure:5011: checking whether to enable maintainer-specific portions of Makefiles
configure:5020: result: yes
configure:5083: checking how to print strings
configure:5110: result: printf
configure:5131: checking for a sed that does not truncate output
configure:5195: result: /bin/sed
configure:5213: checking for grep that handles long lines and -e
configure:5271: result: /bin/grep
configure:5276: checking for egrep
configure:5338: result: /bin/grep -E
configure:5343: checking for fgrep
configure:5405: result: /bin/grep -F
configure:5440: checking for ld used by arm-linux-androideabi-gcc
configure:5507: result: /tmp/android-9-arm32/arm-linux-androideabi/bin/ld
configure:5514: checking if the linker (/tmp/android-9-arm32/arm-linux-androideabi/bin/ld) is GNU ld
configure:5529: result: yes
configure:5541: checking for BSD- or MS-compatible name lister (nm)
configure:5595: result: /tmp/android-9-arm32/bin/arm-linux-androideabi-nm -B
configure:5725: checking the name lister (/tmp/android-9-arm32/bin/arm-linux-androideabi-nm -B) interface
configure:5732: arm-linux-androideabi-gcc -c -pie -fPIE -O2 -g -pedantic -fomit-frame-pointer -Wa,--noexecstack -ffunction-sections -funwind-tables -no-canonical-prefixes -fno-strict-aliasing -fstack-protector -finline-limit=64 -march=armv5te -mtune=xscale -msoft-float -mthumb  conftest.c >&5
configure:5735: /tmp/android-9-arm32/bin/arm-linux-androideabi-nm -B "conftest.o"
configure:5738: output
00000000 B some_variable
configure:5745: result: BSD nm
configure:5748: checking whether ln -s works
configure:5752: result: yes
configure:5760: checking the maximum length of command line arguments
configure:5891: result: 1572864
configure:5939: checking how to convert x86_64-pc-linux-gnu file names to arm-unknown-linux-androideabi format
configure:5979: result: func_convert_file_noop
configure:5986: checking how to convert x86_64-pc-linux-gnu file names to toolchain format
configure:6006: result: func_convert_file_noop
configure:6013: checking for /tmp/android-9-arm32/arm-linux-androideabi/bin/ld option to reload object files
configure:6020: result: -r
configure:6054: checking for arm-linux-androideabi-objdump
configure:6070: found /tmp/android-9-arm32/bin/arm-linux-androideabi-objdump
configure:6081: result: arm-linux-androideabi-objdump
configure:6153: checking how to recognize dependent libraries
configure:6353: result: pass_all
configure:6398: checking for arm-linux-androideabi-dlltool
configure:6428: result: no
configure:6438: checking for dlltool
configure:6468: result: no
configure:6498: checking how to associate runtime and link libraries
configure:6525: result: printf %s\n
configure:6542: checking for arm-linux-androideabi-ar
configure:6558: found /tmp/android-9-arm32/bin/arm-linux-androideabi-ar
configure:6569: result: arm-linux-androideabi-ar
configure:6650: checking for archiver @FILE support
configure:6667: arm-linux-androideabi-gcc -c -pie -fPIE -O2 -g -pedantic -fomit-frame-pointer -Wa,--noexecstack -ffunction-sections -funwind-tables -no-canonical-prefixes -fno-strict-aliasing -fstack-protector -finline-limit=64 -march=armv5te -mtune=xscale -msoft-float -mthumb  conftest.c >&5
configure:6667: $? = 0
configure:6670: arm-linux-androideabi-ar rc libconftest.a @conftest.lst >&5
configure:6673: $? = 0
configure:6678: arm-linux-androideabi-ar rc libconftest.a @conftest.lst >&5
arm-linux-androideabi-ar: conftest.o: No such file or directory
configure:6681: $? = 1
configure:6693: result: @
configure:6711: checking for arm-linux-androideabi-strip
configure:6738: result: arm-linux-androideabi-strip
configure:6810: checking for arm-linux-androideabi-ranlib
configure:6826: found /tmp/android-9-arm32/bin/arm-linux-androideabi-ranlib
configure:6837: result: arm-linux-androideabi-ranlib
configure:6979: checking command to parse /tmp/android-9-arm32/bin/arm-linux-androideabi-nm -B output from arm-linux-androideabi-gcc object
configure:7132: arm-linux-androideabi-gcc -c -pie -fPIE -O2 -g -pedantic -fomit-frame-pointer -Wa,--noexecstack -ffunction-sections -funwind-tables -no-canonical-prefixes -fno-strict-aliasing -fstack-protector -finline-limit=64 -march=armv5te -mtune=xscale -msoft-float -mthumb  conftest.c >&5
configure:7135: $? = 0
configure:7139: /tmp/android-9-arm32/bin/arm-linux-androideabi-nm -B conftest.o \| sed -n -e 's/^.*[ ]\([ABCDGIRSTW][ABCDGIRSTW]*\)[ ][ ]*\([_A-Za-z][_A-Za-z0-9]*\)$/\1 \2 \2/p' | sed '/ __gnu_lto/d' \> conftest.nm
configure:7142: $? = 0
configure:7208: arm-linux-androideabi-gcc -o conftest -pie -fPIE -O2 -g -pedantic -fomit-frame-pointer -Wa,--noexecstack -ffunction-sections -funwind-tables -no-canonical-prefixes -fno-strict-aliasing -fstack-protector -finline-limit=64 -march=armv5te -mtune=xscale -msoft-float -mthumb  -pie -fPIE -Wl,--fix-cortex-a8 -Wl,--no-undefined -Wl,-z,noexecstack -Wl,-z,relro -Wl,-z,now -L/home/xiaoming/Desktop/torrent/boost/1.65.1/libs/armeabi/gnu-4.9 -L/home/xiaoming/Desktop/Boost-for-Android/openssl-android/armeabi-v7a/lib -ldl conftest.c conftstm.o >&5
conftest.c:29:20: warning: ISO C forbids conversion of function pointer to object pointer type [-Wpedantic]
   {"nm_test_func", (void *) &nm_test_func},
                    ^
configure:7211: $? = 0
configure:7249: result: ok
configure:7296: checking for sysroot
configure:7326: result: no
configure:7333: checking for a working dd
configure:7371: result: /bin/dd
configure:7375: checking how to truncate binary pipes
configure:7390: result: /bin/dd bs=4096 count=1
configure:7679: checking for arm-linux-androideabi-mt
configure:7709: result: no
configure:7719: checking for mt
configure:7735: found /bin/mt
configure:7746: result: mt
configure:7758: WARNING: using cross tools not prefixed with host triplet
configure:7769: checking if mt is a manifest tool
configure:7775: mt '-?'
configure:7783: result: no
configure:8456: checking for ANSI C header files
configure:8476: arm-linux-androideabi-gcc -c -pie -fPIE -O2 -g -pedantic -fomit-frame-pointer -Wa,--noexecstack -ffunction-sections -funwind-tables -no-canonical-prefixes -fno-strict-aliasing -fstack-protector -finline-limit=64 -march=armv5te -mtune=xscale -msoft-float -mthumb  conftest.c >&5
configure:8476: $? = 0
configure:8560: result: yes
configure:8573: checking for sys/types.h
configure:8573: arm-linux-androideabi-gcc -c -pie -fPIE -O2 -g -pedantic -fomit-frame-pointer -Wa,--noexecstack -ffunction-sections -funwind-tables -no-canonical-prefixes -fno-strict-aliasing -fstack-protector -finline-limit=64 -march=armv5te -mtune=xscale -msoft-float -mthumb  conftest.c >&5
configure:8573: $? = 0
configure:8573: result: yes
configure:8573: checking for sys/stat.h
configure:8573: arm-linux-androideabi-gcc -c -pie -fPIE -O2 -g -pedantic -fomit-frame-pointer -Wa,--noexecstack -ffunction-sections -funwind-tables -no-canonical-prefixes -fno-strict-aliasing -fstack-protector -finline-limit=64 -march=armv5te -mtune=xscale -msoft-float -mthumb  conftest.c >&5
configure:8573: $? = 0
configure:8573: result: yes
configure:8573: checking for stdlib.h
configure:8573: arm-linux-androideabi-gcc -c -pie -fPIE -O2 -g -pedantic -fomit-frame-pointer -Wa,--noexecstack -ffunction-sections -funwind-tables -no-canonical-prefixes -fno-strict-aliasing -fstack-protector -finline-limit=64 -march=armv5te -mtune=xscale -msoft-float -mthumb  conftest.c >&5
configure:8573: $? = 0
configure:8573: result: yes
configure:8573: checking for string.h
configure:8573: arm-linux-androideabi-gcc -c -pie -fPIE -O2 -g -pedantic -fomit-frame-pointer -Wa,--noexecstack -ffunction-sections -funwind-tables -no-canonical-prefixes -fno-strict-aliasing -fstack-protector -finline-limit=64 -march=armv5te -mtune=xscale -msoft-float -mthumb  conftest.c >&5
configure:8573: $? = 0
configure:8573: result: yes
configure:8573: checking for memory.h
configure:8573: arm-linux-androideabi-gcc -c -pie -fPIE -O2 -g -pedantic -fomit-frame-pointer -Wa,--noexecstack -ffunction-sections -funwind-tables -no-canonical-prefixes -fno-strict-aliasing -fstack-protector -finline-limit=64 -march=armv5te -mtune=xscale -msoft-float -mthumb  conftest.c >&5
configure:8573: $? = 0
configure:8573: result: yes
configure:8573: checking for strings.h
configure:8573: arm-linux-androideabi-gcc -c -pie -fPIE -O2 -g -pedantic -fomit-frame-pointer -Wa,--noexecstack -ffunction-sections -funwind-tables -no-canonical-prefixes -fno-strict-aliasing -fstack-protector -finline-limit=64 -march=armv5te -mtune=xscale -msoft-float -mthumb  conftest.c >&5
configure:8573: $? = 0
configure:8573: result: yes
configure:8573: checking for inttypes.h
configure:8573: arm-linux-androideabi-gcc -c -pie -fPIE -O2 -g -pedantic -fomit-frame-pointer -Wa,--noexecstack -ffunction-sections -funwind-tables -no-canonical-prefixes -fno-strict-aliasing -fstack-protector -finline-limit=64 -march=armv5te -mtune=xscale -msoft-float -mthumb  conftest.c >&5
configure:8573: $? = 0
configure:8573: result: yes
configure:8573: checking for stdint.h
configure:8573: arm-linux-androideabi-gcc -c -pie -fPIE -O2 -g -pedantic -fomit-frame-pointer -Wa,--noexecstack -ffunction-sections -funwind-tables -no-canonical-prefixes -fno-strict-aliasing -fstack-protector -finline-limit=64 -march=armv5te -mtune=xscale -msoft-float -mthumb  conftest.c >&5
configure:8573: $? = 0
configure:8573: result: yes
configure:8573: checking for unistd.h
configure:8573: arm-linux-androideabi-gcc -c -pie -fPIE -O2 -g -pedantic -fomit-frame-pointer -Wa,--noexecstack -ffunction-sections -funwind-tables -no-canonical-prefixes -fno-strict-aliasing -fstack-protector -finline-limit=64 -march=armv5te -mtune=xscale -msoft-float -mthumb  conftest.c >&5
configure:8573: $? = 0
configure:8573: result: yes
configure:8587: checking for dlfcn.h
configure:8587: arm-linux-androideabi-gcc -c -pie -fPIE -O2 -g -pedantic -fomit-frame-pointer -Wa,--noexecstack -ffunction-sections -funwind-tables -no-canonical-prefixes -fno-strict-aliasing -fstack-protector -finline-limit=64 -march=armv5te -mtune=xscale -msoft-float -mthumb  conftest.c >&5
configure:8587: $? = 0
configure:8587: result: yes
configure:8854: checking for objdir
configure:8869: result: .libs
configure:9133: checking if arm-linux-androideabi-gcc supports -fno-rtti -fno-exceptions
configure:9151: arm-linux-androideabi-gcc -c -pie -fPIE -O2 -g -pedantic -fomit-frame-pointer -Wa,--noexecstack -ffunction-sections -funwind-tables -no-canonical-prefixes -fno-strict-aliasing -fstack-protector -finline-limit=64 -march=armv5te -mtune=xscale -msoft-float -mthumb  -fno-rtti -fno-exceptions conftest.c >&5
cc1: warning: command line option '-fno-rtti' is valid for C++/ObjC++ but not for C
configure:9155: $? = 0
configure:9168: result: no
configure:9526: checking for arm-linux-androideabi-gcc option to produce PIC
configure:9533: result: -fPIC -DPIC
configure:9541: checking if arm-linux-androideabi-gcc PIC flag -fPIC -DPIC works
configure:9559: arm-linux-androideabi-gcc -c -pie -fPIE -O2 -g -pedantic -fomit-frame-pointer -Wa,--noexecstack -ffunction-sections -funwind-tables -no-canonical-prefixes -fno-strict-aliasing -fstack-protector -finline-limit=64 -march=armv5te -mtune=xscale -msoft-float -mthumb  -fPIC -DPIC -DPIC conftest.c >&5
configure:9563: $? = 0
configure:9576: result: yes
configure:9605: checking if arm-linux-androideabi-gcc static flag -static works
configure:9633: result: no
configure:9648: checking if arm-linux-androideabi-gcc supports -c -o file.o
configure:9669: arm-linux-androideabi-gcc -c -pie -fPIE -O2 -g -pedantic -fomit-frame-pointer -Wa,--noexecstack -ffunction-sections -funwind-tables -no-canonical-prefixes -fno-strict-aliasing -fstack-protector -finline-limit=64 -march=armv5te -mtune=xscale -msoft-float -mthumb  -o out/conftest2.o conftest.c >&5
configure:9673: $? = 0
configure:9695: result: yes
configure:9703: checking if arm-linux-androideabi-gcc supports -c -o file.o
configure:9750: result: yes
configure:9783: checking whether the arm-linux-androideabi-gcc linker (/tmp/android-9-arm32/arm-linux-androideabi/bin/ld) supports shared libraries
configure:11042: result: yes
configure:11079: checking whether -lc should be explicitly linked in
configure:11087: arm-linux-androideabi-gcc -c -pie -fPIE -O2 -g -pedantic -fomit-frame-pointer -Wa,--noexecstack -ffunction-sections -funwind-tables -no-canonical-prefixes -fno-strict-aliasing -fstack-protector -finline-limit=64 -march=armv5te -mtune=xscale -msoft-float -mthumb  conftest.c >&5
configure:11090: $? = 0
configure:11105: arm-linux-androideabi-gcc -shared  -fPIC -DPIC conftest.o  -v -Wl,-soname -Wl,conftest -o conftest 2\>\&1 \| /bin/grep  -lc  \>/dev/null 2\>\&1
configure:11108: $? = 0
configure:11122: result: no
configure:11282: checking dynamic linker characteristics
configure:12100: result: Android linker
configure:12222: checking how to hardcode library paths into programs
configure:12247: result: immediate
configure:12795: checking whether stripping libraries is possible
configure:12800: result: yes
configure:12835: checking if libtool supports shared libraries
configure:12837: result: yes
configure:12840: checking whether to build shared libraries
configure:12865: result: yes
configure:12868: checking whether to build static libraries
configure:12872: result: yes
configure:12895: checking how to run the C++ preprocessor
configure:12961: result: arm-linux-androideabi-g++ -E
configure:12981: arm-linux-androideabi-g++ -E  conftest.cpp
configure:12981: $? = 0
configure:12995: arm-linux-androideabi-g++ -E  conftest.cpp
conftest.cpp:23:28: fatal error: ac_nonexistent.h: No such file or directory
 #include <ac_nonexistent.h>
                            ^
compilation terminated.
configure:12995: $? = 1
configure: failed program was:
| /* confdefs.h */
| #define PACKAGE_NAME "libtorrent-rasterbar"
| #define PACKAGE_TARNAME "libtorrent-rasterbar"
| #define PACKAGE_VERSION "1.2.0"
| #define PACKAGE_STRING "libtorrent-rasterbar 1.2.0"
| #define PACKAGE_BUGREPORT "arvid@libtorrent.org"
| #define PACKAGE_URL "http://www.libtorrent.org"
| #define PACKAGE "libtorrent-rasterbar"
| #define VERSION "1.2.0"
| #define STDC_HEADERS 1
| #define HAVE_SYS_TYPES_H 1
| #define HAVE_SYS_STAT_H 1
| #define HAVE_STDLIB_H 1
| #define HAVE_STRING_H 1
| #define HAVE_MEMORY_H 1
| #define HAVE_STRINGS_H 1
| #define HAVE_INTTYPES_H 1
| #define HAVE_STDINT_H 1
| #define HAVE_UNISTD_H 1
| #define HAVE_DLFCN_H 1
| #define LT_OBJDIR ".libs/"
| /* end confdefs.h.  */
| #include <ac_nonexistent.h>
configure:13157: checking for ld used by arm-linux-androideabi-g++
configure:13224: result: /tmp/android-9-arm32/arm-linux-androideabi/bin/ld
configure:13231: checking if the linker (/tmp/android-9-arm32/arm-linux-androideabi/bin/ld) is GNU ld
configure:13246: result: yes
configure:13301: checking whether the arm-linux-androideabi-g++ linker (/tmp/android-9-arm32/arm-linux-androideabi/bin/ld) supports shared libraries
configure:14374: result: yes
configure:14410: arm-linux-androideabi-g++ -c -I/home/xiaoming/Desktop/torrent/boost/1.65.1/include/boost  conftest.cpp >&5
configure:14413: $? = 0
configure:14894: checking for arm-linux-androideabi-g++ option to produce PIC
configure:14901: result: -fPIC -DPIC
configure:14909: checking if arm-linux-androideabi-g++ PIC flag -fPIC -DPIC works
configure:14927: arm-linux-androideabi-g++ -c -I/home/xiaoming/Desktop/torrent/boost/1.65.1/include/boost  -fPIC -DPIC -DPIC conftest.cpp >&5
configure:14931: $? = 0
configure:14944: result: yes
configure:14967: checking if arm-linux-androideabi-g++ static flag -static works
configure:14995: result: no
configure:15007: checking if arm-linux-androideabi-g++ supports -c -o file.o
configure:15028: arm-linux-androideabi-g++ -c -I/home/xiaoming/Desktop/torrent/boost/1.65.1/include/boost  -o out/conftest2.o conftest.cpp >&5
configure:15032: $? = 0
configure:15054: result: yes
configure:15059: checking if arm-linux-androideabi-g++ supports -c -o file.o
configure:15106: result: yes
configure:15136: checking whether the arm-linux-androideabi-g++ linker (/tmp/android-9-arm32/arm-linux-androideabi/bin/ld) supports shared libraries
configure:15176: result: yes
configure:15317: checking dynamic linker characteristics
configure:16062: result: Android linker
configure:16127: checking how to hardcode library paths into programs
configure:16152: result: immediate
configure:16387: checking for the pthreads library -lpthreads
configure:16420: arm-linux-androideabi-gcc -o conftest -pie -fPIE -O2 -g -pedantic -fomit-frame-pointer -Wa,--noexecstack -ffunction-sections -funwind-tables -no-canonical-prefixes -fno-strict-aliasing -fstack-protector -finline-limit=64 -march=armv5te -mtune=xscale -msoft-float -mthumb   -pie -fPIE -Wl,--fix-cortex-a8 -Wl,--no-undefined -Wl,-z,noexecstack -Wl,-z,relro -Wl,-z,now -L/home/xiaoming/Desktop/torrent/boost/1.65.1/libs/armeabi/gnu-4.9 -L/home/xiaoming/Desktop/Boost-for-Android/openssl-android/armeabi-v7a/lib -ldl conftest.c -lpthreads  >&5
/tmp/android-9-arm32/bin/../lib/gcc/arm-linux-androideabi/4.9.x/../../../../arm-linux-androideabi/bin/ld: error: cannot find -lpthreads
collect2: error: ld returned 1 exit status
configure:16420: $? = 1
configure: failed program was:
| /* confdefs.h */
| #define PACKAGE_NAME "libtorrent-rasterbar"
| #define PACKAGE_TARNAME "libtorrent-rasterbar"
| #define PACKAGE_VERSION "1.2.0"
| #define PACKAGE_STRING "libtorrent-rasterbar 1.2.0"
| #define PACKAGE_BUGREPORT "arvid@libtorrent.org"
| #define PACKAGE_URL "http://www.libtorrent.org"
| #define PACKAGE "libtorrent-rasterbar"
| #define VERSION "1.2.0"
| #define STDC_HEADERS 1
| #define HAVE_SYS_TYPES_H 1
| #define HAVE_SYS_STAT_H 1
| #define HAVE_STDLIB_H 1
| #define HAVE_STRING_H 1
| #define HAVE_MEMORY_H 1
| #define HAVE_STRINGS_H 1
| #define HAVE_INTTYPES_H 1
| #define HAVE_STDINT_H 1
| #define HAVE_UNISTD_H 1
| #define HAVE_DLFCN_H 1
| #define LT_OBJDIR ".libs/"
| /* end confdefs.h.  */
| #include <pthread.h>
| int
| main ()
| {
| pthread_t th; pthread_join(th, 0);
|                      pthread_attr_init(0); pthread_cleanup_push(0, 0);
|                      pthread_create(0,0,0,0); pthread_cleanup_pop(0);
|   ;
|   return 0;
| }
configure:16429: result: no
configure:16332: checking whether pthreads work without any flags
configure:16420: arm-linux-androideabi-gcc -o conftest -pie -fPIE -O2 -g -pedantic -fomit-frame-pointer -Wa,--noexecstack -ffunction-sections -funwind-tables -no-canonical-prefixes -fno-strict-aliasing -fstack-protector -finline-limit=64 -march=armv5te -mtune=xscale -msoft-float -mthumb   -pie -fPIE -Wl,--fix-cortex-a8 -Wl,--no-undefined -Wl,-z,noexecstack -Wl,-z,relro -Wl,-z,now -L/home/xiaoming/Desktop/torrent/boost/1.65.1/libs/armeabi/gnu-4.9 -L/home/xiaoming/Desktop/Boost-for-Android/openssl-android/armeabi-v7a/lib -ldl conftest.c   >&5
configure:16420: $? = 0
configure:16429: result: yes
configure:16448: checking for joinable pthread attribute
configure:16463: arm-linux-androideabi-gcc -o conftest -pie -fPIE -O2 -g -pedantic -fomit-frame-pointer -Wa,--noexecstack -ffunction-sections -funwind-tables -no-canonical-prefixes -fno-strict-aliasing -fstack-protector -finline-limit=64 -march=armv5te -mtune=xscale -msoft-float -mthumb   -pie -fPIE -Wl,--fix-cortex-a8 -Wl,--no-undefined -Wl,-z,noexecstack -Wl,-z,relro -Wl,-z,now -L/home/xiaoming/Desktop/torrent/boost/1.65.1/libs/armeabi/gnu-4.9 -L/home/xiaoming/Desktop/Boost-for-Android/openssl-android/armeabi-v7a/lib -ldl conftest.c   >&5
configure:16463: $? = 0
configure:16469: result: PTHREAD_CREATE_JOINABLE
configure:16479: checking if more special flags are required for pthreads
configure:16486: result: no
configure:16577: checking whether to check for GCC pthread/shared inconsistencies
configure:16590: arm-linux-androideabi-gcc -o conftest -shared -fPIC -Wl,-z,defs -pie -fPIE -O2 -g -pedantic -fomit-frame-pointer -Wa,--noexecstack -ffunction-sections -funwind-tables -no-canonical-prefixes -fno-strict-aliasing -fstack-protector -finline-limit=64 -march=armv5te -mtune=xscale -msoft-float -mthumb   -pie -fPIE -Wl,--fix-cortex-a8 -Wl,--no-undefined -Wl,-z,noexecstack -Wl,-z,relro -Wl,-z,now -L/home/xiaoming/Desktop/torrent/boost/1.65.1/libs/armeabi/gnu-4.9 -L/home/xiaoming/Desktop/Boost-for-Android/openssl-android/armeabi-v7a/lib -ldl conftest.c   >&5
configure:16590: $? = 0
configure:16602: result: yes
configure:16644: checking whether -lpthread fixes that
configure:16660: arm-linux-androideabi-gcc -o conftest -shared -fPIC -Wl,-z,defs -pie -fPIE -O2 -g -pedantic -fomit-frame-pointer -Wa,--noexecstack -ffunction-sections -funwind-tables -no-canonical-prefixes -fno-strict-aliasing -fstack-protector -finline-limit=64 -march=armv5te -mtune=xscale -msoft-float -mthumb   -pie -fPIE -Wl,--fix-cortex-a8 -Wl,--no-undefined -Wl,-z,noexecstack -Wl,-z,relro -Wl,-z,now -L/home/xiaoming/Desktop/torrent/boost/1.65.1/libs/armeabi/gnu-4.9 -L/home/xiaoming/Desktop/Boost-for-Android/openssl-android/armeabi-v7a/lib -ldl conftest.c -lpthread   >&5
/tmp/android-9-arm32/bin/../lib/gcc/arm-linux-androideabi/4.9.x/../../../../arm-linux-androideabi/bin/ld: error: cannot find -lpthread
collect2: error: ld returned 1 exit status
configure:16660: $? = 1
configure: failed program was:
| /* confdefs.h */
| #define PACKAGE_NAME "libtorrent-rasterbar"
| #define PACKAGE_TARNAME "libtorrent-rasterbar"
| #define PACKAGE_VERSION "1.2.0"
| #define PACKAGE_STRING "libtorrent-rasterbar 1.2.0"
| #define PACKAGE_BUGREPORT "arvid@libtorrent.org"
| #define PACKAGE_URL "http://www.libtorrent.org"
| #define PACKAGE "libtorrent-rasterbar"
| #define VERSION "1.2.0"
| #define STDC_HEADERS 1
| #define HAVE_SYS_TYPES_H 1
| #define HAVE_SYS_STAT_H 1
| #define HAVE_STDLIB_H 1
| #define HAVE_STRING_H 1
| #define HAVE_MEMORY_H 1
| #define HAVE_STRINGS_H 1
| #define HAVE_INTTYPES_H 1
| #define HAVE_STDINT_H 1
| #define HAVE_UNISTD_H 1
| #define HAVE_DLFCN_H 1
| #define LT_OBJDIR ".libs/"
| /* end confdefs.h.  */
| #include <pthread.h>
| int
| main ()
| {
| pthread_t th; pthread_join(th, 0);
|               pthread_attr_init(0); pthread_cleanup_push(0, 0);
|               pthread_create(0,0,0,0); pthread_cleanup_pop(0);
|   ;
|   return 0;
| }
configure:16671: result: no
configure:16679: checking whether -lc_r fixes that
configure:16695: arm-linux-androideabi-gcc -o conftest -shared -fPIC -Wl,-z,defs -pie -fPIE -O2 -g -pedantic -fomit-frame-pointer -Wa,--noexecstack -ffunction-sections -funwind-tables -no-canonical-prefixes -fno-strict-aliasing -fstack-protector -finline-limit=64 -march=armv5te -mtune=xscale -msoft-float -mthumb   -pie -fPIE -Wl,--fix-cortex-a8 -Wl,--no-undefined -Wl,-z,noexecstack -Wl,-z,relro -Wl,-z,now -L/home/xiaoming/Desktop/torrent/boost/1.65.1/libs/armeabi/gnu-4.9 -L/home/xiaoming/Desktop/Boost-for-Android/openssl-android/armeabi-v7a/lib -ldl conftest.c -lc_r   >&5
/tmp/android-9-arm32/bin/../lib/gcc/arm-linux-androideabi/4.9.x/../../../../arm-linux-androideabi/bin/ld: error: cannot find -lc_r
collect2: error: ld returned 1 exit status
configure:16695: $? = 1
configure: failed program was:
| /* confdefs.h */
| #define PACKAGE_NAME "libtorrent-rasterbar"
| #define PACKAGE_TARNAME "libtorrent-rasterbar"
| #define PACKAGE_VERSION "1.2.0"
| #define PACKAGE_STRING "libtorrent-rasterbar 1.2.0"
| #define PACKAGE_BUGREPORT "arvid@libtorrent.org"
| #define PACKAGE_URL "http://www.libtorrent.org"
| #define PACKAGE "libtorrent-rasterbar"
| #define VERSION "1.2.0"
| #define STDC_HEADERS 1
| #define HAVE_SYS_TYPES_H 1
| #define HAVE_SYS_STAT_H 1
| #define HAVE_STDLIB_H 1
| #define HAVE_STRING_H 1
| #define HAVE_MEMORY_H 1
| #define HAVE_STRINGS_H 1
| #define HAVE_INTTYPES_H 1
| #define HAVE_STDINT_H 1
| #define HAVE_UNISTD_H 1
| #define HAVE_DLFCN_H 1
| #define LT_OBJDIR ".libs/"
| /* end confdefs.h.  */
| #include <pthread.h>
| int
| main ()
| {
| pthread_t th; pthread_join(th, 0);
|                 pthread_attr_init(0); pthread_cleanup_push(0, 0);
|                 pthread_create(0,0,0,0); pthread_cleanup_pop(0);
|   ;
|   return 0;
| }
configure:16706: result: no
configure:16712: WARNING: Impossible to determine how to use pthreads with shared libraries
configure:16755: checking for __attribute__((visibility("hidden")))
configure:16764: arm-linux-androideabi-gcc -fvisibility=hidden -S visibility_conftest.c -o visibility_conftest.s 1>&5
configure:16767: $? = 0
configure:16776: result: yes
configure:16830: checking for boostlib >= 1.54
configure:16913: arm-linux-androideabi-g++ -c -I/home/xiaoming/Desktop/torrent/boost/1.65.1/include/boost -ftemplate-depth=512 -Wno-format-zero-length  -I/home/xiaoming/Desktop/torrent/boost/1.65.1/include conftest.cpp >&5
configure:16913: $? = 0
configure:16915: result: yes
configure:17078: checking whether arm-linux-androideabi-g++ supports C++11 features by default
configure:17372: arm-linux-androideabi-g++ -c -I/home/xiaoming/Desktop/torrent/boost/1.65.1/include/boost -ftemplate-depth=512 -Wno-format-zero-length  conftest.cpp >&5
conftest.cpp:36:2: error: #error "This is not a C++11 compiler"
 #error "This is not a C++11 compiler"
  ^
configure:17372: $? = 1
configure: failed program was:
| /* confdefs.h */
| #define PACKAGE_NAME "libtorrent-rasterbar"
| #define PACKAGE_TARNAME "libtorrent-rasterbar"
| #define PACKAGE_VERSION "1.2.0"
| #define PACKAGE_STRING "libtorrent-rasterbar 1.2.0"
| #define PACKAGE_BUGREPORT "arvid@libtorrent.org"
| #define PACKAGE_URL "http://www.libtorrent.org"
| #define PACKAGE "libtorrent-rasterbar"
| #define VERSION "1.2.0"
| #define STDC_HEADERS 1
| #define HAVE_SYS_TYPES_H 1
| #define HAVE_SYS_STAT_H 1
| #define HAVE_STDLIB_H 1
| #define HAVE_STRING_H 1
| #define HAVE_MEMORY_H 1
| #define HAVE_STRINGS_H 1
| #define HAVE_INTTYPES_H 1
| #define HAVE_STDINT_H 1
| #define HAVE_UNISTD_H 1
| #define HAVE_DLFCN_H 1
| #define LT_OBJDIR ".libs/"
| #define HAVE_PTHREAD 1
| #define HAVE_BOOST /**/
| /* end confdefs.h.  */
| 
| 
| // If the compiler admits that it is not ready for C++11, why torture it?
| // Hopefully, this will speed up the test.
| 
| #ifndef __cplusplus
| 
| #error "This is not a C++ compiler"
| 
| #elif __cplusplus < 201103L
| 
| #error "This is not a C++11 compiler"
| 
| #else
| 
| namespace cxx11
| {
| 
|   namespace test_static_assert
|   {
| 
|     template <typename T>
|     struct check
|     {
|       static_assert(sizeof(int) <= sizeof(T), "not big enough");
|     };
| 
|   }
| 
|   namespace test_final_override
|   {
| 
|     struct Base
|     {
|       virtual void f() {}
|     };
| 
|     struct Derived : public Base
|     {
|       virtual void f() override {}
|     };
| 
|   }
| 
|   namespace test_double_right_angle_brackets
|   {
| 
|     template < typename T >
|     struct check {};
| 
|     typedef check<void> single_type;
|     typedef check<check<void>> double_type;
|     typedef check<check<check<void>>> triple_type;
|     typedef check<check<check<check<void>>>> quadruple_type;
| 
|   }
| 
|   namespace test_decltype
|   {
| 
|     int
|     f()
|     {
|       int a = 1;
|       decltype(a) b = 2;
|       return a + b;
|     }
| 
|   }
| 
|   namespace test_type_deduction
|   {
| 
|     template < typename T1, typename T2 >
|     struct is_same
|     {
|       static const bool value = false;
|     };
| 
|     template < typename T >
|     struct is_same<T, T>
|     {
|       static const bool value = true;
|     };
| 
|     template < typename T1, typename T2 >
|     auto
|     add(T1 a1, T2 a2) -> decltype(a1 + a2)
|     {
|       return a1 + a2;
|     }
| 
|     int
|     test(const int c, volatile int v)
|     {
|       static_assert(is_same<int, decltype(0)>::value == true, "");
|       static_assert(is_same<int, decltype(c)>::value == false, "");
|       static_assert(is_same<int, decltype(v)>::value == false, "");
|       auto ac = c;
|       auto av = v;
|       auto sumi = ac + av + 'x';
|       auto sumf = ac + av + 1.0;
|       static_assert(is_same<int, decltype(ac)>::value == true, "");
|       static_assert(is_same<int, decltype(av)>::value == true, "");
|       static_assert(is_same<int, decltype(sumi)>::value == true, "");
|       static_assert(is_same<int, decltype(sumf)>::value == false, "");
|       static_assert(is_same<int, decltype(add(c, v))>::value == true, "");
|       return (sumf > 0.0) ? sumi : add(c, v);
|     }
| 
|   }
| 
|   namespace test_noexcept
|   {
| 
|     int f() { return 0; }
|     int g() noexcept { return 0; }
| 
|     static_assert(noexcept(f()) == false, "");
|     static_assert(noexcept(g()) == true, "");
| 
|   }
| 
|   namespace test_constexpr
|   {
| 
|     template < typename CharT >
|     unsigned long constexpr
|     strlen_c_r(const CharT *const s, const unsigned long acc) noexcept
|     {
|       return *s ? strlen_c_r(s + 1, acc + 1) : acc;
|     }
| 
|     template < typename CharT >
|     unsigned long constexpr
|     strlen_c(const CharT *const s) noexcept
|     {
|       return strlen_c_r(s, 0UL);
|     }
| 
|     static_assert(strlen_c("") == 0UL, "");
|     static_assert(strlen_c("1") == 1UL, "");
|     static_assert(strlen_c("example") == 7UL, "");
|     static_assert(strlen_c("another\0example") == 7UL, "");
| 
|   }
| 
|   namespace test_rvalue_references
|   {
| 
|     template < int N >
|     struct answer
|     {
|       static constexpr int value = N;
|     };
| 
|     answer<1> f(int&)       { return answer<1>(); }
|     answer<2> f(const int&) { return answer<2>(); }
|     answer<3> f(int&&)      { return answer<3>(); }
| 
|     void
|     test()
|     {
|       int i = 0;
|       const int c = 0;
|       static_assert(decltype(f(i))::value == 1, "");
|       static_assert(decltype(f(c))::value == 2, "");
|       static_assert(decltype(f(0))::value == 3, "");
|     }
| 
|   }
| 
|   namespace test_uniform_initialization
|   {
| 
|     struct test
|     {
|       static const int zero {};
|       static const int one {1};
|     };
| 
|     static_assert(test::zero == 0, "");
|     static_assert(test::one == 1, "");
| 
|   }
| 
|   namespace test_lambdas
|   {
| 
|     void
|     test1()
|     {
|       auto lambda1 = [](){};
|       auto lambda2 = lambda1;
|       lambda1();
|       lambda2();
|     }
| 
|     int
|     test2()
|     {
|       auto a = [](int i, int j){ return i + j; }(1, 2);
|       auto b = []() -> int { return '0'; }();
|       auto c = [=](){ return a + b; }();
|       auto d = [&](){ return c; }();
|       auto e = [a, &b](int x) mutable {
|         const auto identity = [](int y){ return y; };
|         for (auto i = 0; i < a; ++i)
|           a += b--;
|         return x + identity(a + b);
|       }(0);
|       return a + b + c + d + e;
|     }
| 
|     int
|     test3()
|     {
|       const auto nullary = [](){ return 0; };
|       const auto unary = [](int x){ return x; };
|       using nullary_t = decltype(nullary);
|       using unary_t = decltype(unary);
|       const auto higher1st = [](nullary_t f){ return f(); };
|       const auto higher2nd = [unary](nullary_t f1){
|         return [unary, f1](unary_t f2){ return f2(unary(f1())); };
|       };
|       return higher1st(nullary) + higher2nd(nullary)(unary);
|     }
| 
|   }
| 
|   namespace test_variadic_templates
|   {
| 
|     template <int...>
|     struct sum;
| 
|     template <int N0, int... N1toN>
|     struct sum<N0, N1toN...>
|     {
|       static constexpr auto value = N0 + sum<N1toN...>::value;
|     };
| 
|     template <>
|     struct sum<>
|     {
|       static constexpr auto value = 0;
|     };
| 
|     static_assert(sum<>::value == 0, "");
|     static_assert(sum<1>::value == 1, "");
|     static_assert(sum<23>::value == 23, "");
|     static_assert(sum<1, 2>::value == 3, "");
|     static_assert(sum<5, 5, 11>::value == 21, "");
|     static_assert(sum<2, 3, 5, 7, 11, 13>::value == 41, "");
| 
|   }
| 
|   // http://stackoverflow.com/questions/13728184/template-aliases-and-sfinae
|   // Clang 3.1 fails with headers of libstd++ 4.8.3 when using std::function
|   // because of this.
|   namespace test_template_alias_sfinae
|   {
| 
|     struct foo {};
| 
|     template<typename T>
|     using member = typename T::member_type;
| 
|     template<typename T>
|     void func(...) {}
| 
|     template<typename T>
|     void func(member<T>*) {}
| 
|     void test();
| 
|     void test() { func<foo>(0); }
| 
|   }
| 
| }  // namespace cxx11
| 
| #endif  // __cplusplus >= 201103L
| 
| 
| 
configure:17379: result: no
configure:17390: checking whether arm-linux-androideabi-g++ supports C++11 features with -std=c++11
configure:17686: arm-linux-androideabi-g++ -std=c++11 -c -I/home/xiaoming/Desktop/torrent/boost/1.65.1/include/boost -ftemplate-depth=512 -Wno-format-zero-length  conftest.cpp >&5
configure:17686: $? = 0
configure:17695: result: yes
configure:17763: checking whether the Boost::System library is available
configure:17788: arm-linux-androideabi-g++ -std=c++11 -c   -I/home/xiaoming/Desktop/torrent/boost/1.65.1/include conftest.cpp >&5
configure:17788: $? = 0
configure:17803: result: yes
configure:17915: checking for exit in -lboost_system
configure:17940: arm-linux-androideabi-gcc -o conftest  -pie -fPIE -O2 -g -pedantic -fomit-frame-pointer -Wa,--noexecstack -ffunction-sections -funwind-tables -no-canonical-prefixes -fno-strict-aliasing -fstack-protector -finline-limit=64 -march=armv5te -mtune=xscale -msoft-float -mthumb  -I/home/xiaoming/Desktop/torrent/boost/1.65.1/include -pie -fPIE -Wl,--fix-cortex-a8 -Wl,--no-undefined -Wl,-z,noexecstack -Wl,-z,relro -Wl,-z,now -L/home/xiaoming/Desktop/torrent/boost/1.65.1/libs/armeabi/gnu-4.9 -L/home/xiaoming/Desktop/Boost-for-Android/openssl-android/armeabi-v7a/lib -ldl -L/home/xiaoming/Desktop/torrent/boost/1.65.1/libs/armeabi/gnu-4.9 conftest.c -lboost_system    >&5
conftest.c:34:6: warning: conflicting types for built-in function 'exit'
 char exit ();
      ^
configure:17940: $? = 0
configure:17950: result: yes
configure:17995: checking for arm-linux-androideabi-pkg-config
configure:18013: found /tmp/android-9-arm32/bin/arm-linux-androideabi-pkg-config
configure:18025: result: /tmp/android-9-arm32/bin/arm-linux-androideabi-pkg-config
configure:18093: checking pkg-config is at least version 0.20
configure:18096: result: yes
configure:18116: checking for special C compiler options needed for large files
configure:18161: result: no
configure:18167: checking for _FILE_OFFSET_BITS value needed for large files
configure:18192: arm-linux-androideabi-gcc -c  -pie -fPIE -O2 -g -pedantic -fomit-frame-pointer -Wa,--noexecstack -ffunction-sections -funwind-tables -no-canonical-prefixes -fno-strict-aliasing -fstack-protector -finline-limit=64 -march=armv5te -mtune=xscale -msoft-float -mthumb -I/home/xiaoming/Desktop/torrent/boost/1.65.1/include  conftest.c >&5
conftest.c:33:3: warning: left shift count >= width of type
   int off_t_is_large[(LARGE_OFF_T % 2147483629 == 721
   ^
conftest.c:33:3: warning: left shift count >= width of type
conftest.c:34:10: warning: left shift count >= width of type
          && LARGE_OFF_T % 2147483647 == 1)
          ^
conftest.c:34:10: warning: left shift count >= width of type
conftest.c:33:7: error: variably modified 'off_t_is_large' at file scope
   int off_t_is_large[(LARGE_OFF_T % 2147483629 == 721
       ^
configure:18192: $? = 1
configure: failed program was:
| /* confdefs.h */
| #define PACKAGE_NAME "libtorrent-rasterbar"
| #define PACKAGE_TARNAME "libtorrent-rasterbar"
| #define PACKAGE_VERSION "1.2.0"
| #define PACKAGE_STRING "libtorrent-rasterbar 1.2.0"
| #define PACKAGE_BUGREPORT "arvid@libtorrent.org"
| #define PACKAGE_URL "http://www.libtorrent.org"
| #define PACKAGE "libtorrent-rasterbar"
| #define VERSION "1.2.0"
| #define STDC_HEADERS 1
| #define HAVE_SYS_TYPES_H 1
| #define HAVE_SYS_STAT_H 1
| #define HAVE_STDLIB_H 1
| #define HAVE_STRING_H 1
| #define HAVE_MEMORY_H 1
| #define HAVE_STRINGS_H 1
| #define HAVE_INTTYPES_H 1
| #define HAVE_STDINT_H 1
| #define HAVE_UNISTD_H 1
| #define HAVE_DLFCN_H 1
| #define LT_OBJDIR ".libs/"
| #define HAVE_PTHREAD 1
| #define HAVE_BOOST /**/
| #define HAVE_CXX11 1
| #define HAVE_BOOST_SYSTEM /**/
| /* end confdefs.h.  */
| #include <sys/types.h>
|  /* Check that off_t can represent 2**63 - 1 correctly.
|     We can't simply define LARGE_OFF_T to be 9223372036854775807,
|     since some C++ compilers masquerading as C compilers
|     incorrectly reject 9223372036854775807.  */
| #define LARGE_OFF_T (((off_t) 1 << 62) - 1 + ((off_t) 1 << 62))
|   int off_t_is_large[(LARGE_OFF_T % 2147483629 == 721
| 		       && LARGE_OFF_T % 2147483647 == 1)
| 		      ? 1 : -1];
| int
| main ()
| {
| 
|   ;
|   return 0;
| }
configure:18216: arm-linux-androideabi-gcc -c  -pie -fPIE -O2 -g -pedantic -fomit-frame-pointer -Wa,--noexecstack -ffunction-sections -funwind-tables -no-canonical-prefixes -fno-strict-aliasing -fstack-protector -finline-limit=64 -march=armv5te -mtune=xscale -msoft-float -mthumb -I/home/xiaoming/Desktop/torrent/boost/1.65.1/include  conftest.c >&5
conftest.c:34:3: warning: left shift count >= width of type
   int off_t_is_large[(LARGE_OFF_T % 2147483629 == 721
   ^
conftest.c:34:3: warning: left shift count >= width of type
conftest.c:35:10: warning: left shift count >= width of type
          && LARGE_OFF_T % 2147483647 == 1)
          ^
conftest.c:35:10: warning: left shift count >= width of type
conftest.c:34:7: error: variably modified 'off_t_is_large' at file scope
   int off_t_is_large[(LARGE_OFF_T % 2147483629 == 721
       ^
configure:18216: $? = 1
configure: failed program was:
| /* confdefs.h */
| #define PACKAGE_NAME "libtorrent-rasterbar"
| #define PACKAGE_TARNAME "libtorrent-rasterbar"
| #define PACKAGE_VERSION "1.2.0"
| #define PACKAGE_STRING "libtorrent-rasterbar 1.2.0"
| #define PACKAGE_BUGREPORT "arvid@libtorrent.org"
| #define PACKAGE_URL "http://www.libtorrent.org"
| #define PACKAGE "libtorrent-rasterbar"
| #define VERSION "1.2.0"
| #define STDC_HEADERS 1
| #define HAVE_SYS_TYPES_H 1
| #define HAVE_SYS_STAT_H 1
| #define HAVE_STDLIB_H 1
| #define HAVE_STRING_H 1
| #define HAVE_MEMORY_H 1
| #define HAVE_STRINGS_H 1
| #define HAVE_INTTYPES_H 1
| #define HAVE_STDINT_H 1
| #define HAVE_UNISTD_H 1
| #define HAVE_DLFCN_H 1
| #define LT_OBJDIR ".libs/"
| #define HAVE_PTHREAD 1
| #define HAVE_BOOST /**/
| #define HAVE_CXX11 1
| #define HAVE_BOOST_SYSTEM /**/
| /* end confdefs.h.  */
| #define _FILE_OFFSET_BITS 64
| #include <sys/types.h>
|  /* Check that off_t can represent 2**63 - 1 correctly.
|     We can't simply define LARGE_OFF_T to be 9223372036854775807,
|     since some C++ compilers masquerading as C compilers
|     incorrectly reject 9223372036854775807.  */
| #define LARGE_OFF_T (((off_t) 1 << 62) - 1 + ((off_t) 1 << 62))
|   int off_t_is_large[(LARGE_OFF_T % 2147483629 == 721
| 		       && LARGE_OFF_T % 2147483647 == 1)
| 		      ? 1 : -1];
| int
| main ()
| {
| 
|   ;
|   return 0;
| }
configure:18224: result: unknown
configure:18236: checking for _LARGE_FILES value needed for large files
configure:18261: arm-linux-androideabi-gcc -c  -pie -fPIE -O2 -g -pedantic -fomit-frame-pointer -Wa,--noexecstack -ffunction-sections -funwind-tables -no-canonical-prefixes -fno-strict-aliasing -fstack-protector -finline-limit=64 -march=armv5te -mtune=xscale -msoft-float -mthumb -I/home/xiaoming/Desktop/torrent/boost/1.65.1/include  conftest.c >&5
conftest.c:33:3: warning: left shift count >= width of type
   int off_t_is_large[(LARGE_OFF_T % 2147483629 == 721
   ^
conftest.c:33:3: warning: left shift count >= width of type
conftest.c:34:10: warning: left shift count >= width of type
          && LARGE_OFF_T % 2147483647 == 1)
          ^
conftest.c:34:10: warning: left shift count >= width of type
conftest.c:33:7: error: variably modified 'off_t_is_large' at file scope
   int off_t_is_large[(LARGE_OFF_T % 2147483629 == 721
       ^
configure:18261: $? = 1
configure: failed program was:
| /* confdefs.h */
| #define PACKAGE_NAME "libtorrent-rasterbar"
| #define PACKAGE_TARNAME "libtorrent-rasterbar"
| #define PACKAGE_VERSION "1.2.0"
| #define PACKAGE_STRING "libtorrent-rasterbar 1.2.0"
| #define PACKAGE_BUGREPORT "arvid@libtorrent.org"
| #define PACKAGE_URL "http://www.libtorrent.org"
| #define PACKAGE "libtorrent-rasterbar"
| #define VERSION "1.2.0"
| #define STDC_HEADERS 1
| #define HAVE_SYS_TYPES_H 1
| #define HAVE_SYS_STAT_H 1
| #define HAVE_STDLIB_H 1
| #define HAVE_STRING_H 1
| #define HAVE_MEMORY_H 1
| #define HAVE_STRINGS_H 1
| #define HAVE_INTTYPES_H 1
| #define HAVE_STDINT_H 1
| #define HAVE_UNISTD_H 1
| #define HAVE_DLFCN_H 1
| #define LT_OBJDIR ".libs/"
| #define HAVE_PTHREAD 1
| #define HAVE_BOOST /**/
| #define HAVE_CXX11 1
| #define HAVE_BOOST_SYSTEM /**/
| /* end confdefs.h.  */
| #include <sys/types.h>
|  /* Check that off_t can represent 2**63 - 1 correctly.
|     We can't simply define LARGE_OFF_T to be 9223372036854775807,
|     since some C++ compilers masquerading as C compilers
|     incorrectly reject 9223372036854775807.  */
| #define LARGE_OFF_T (((off_t) 1 << 62) - 1 + ((off_t) 1 << 62))
|   int off_t_is_large[(LARGE_OFF_T % 2147483629 == 721
| 		       && LARGE_OFF_T % 2147483647 == 1)
| 		      ? 1 : -1];
| int
| main ()
| {
| 
|   ;
|   return 0;
| }
configure:18285: arm-linux-androideabi-gcc -c  -pie -fPIE -O2 -g -pedantic -fomit-frame-pointer -Wa,--noexecstack -ffunction-sections -funwind-tables -no-canonical-prefixes -fno-strict-aliasing -fstack-protector -finline-limit=64 -march=armv5te -mtune=xscale -msoft-float -mthumb -I/home/xiaoming/Desktop/torrent/boost/1.65.1/include  conftest.c >&5
conftest.c:34:3: warning: left shift count >= width of type
   int off_t_is_large[(LARGE_OFF_T % 2147483629 == 721
   ^
conftest.c:34:3: warning: left shift count >= width of type
conftest.c:35:10: warning: left shift count >= width of type
          && LARGE_OFF_T % 2147483647 == 1)
          ^
conftest.c:35:10: warning: left shift count >= width of type
conftest.c:34:7: error: variably modified 'off_t_is_large' at file scope
   int off_t_is_large[(LARGE_OFF_T % 2147483629 == 721
       ^
configure:18285: $? = 1
configure: failed program was:
| /* confdefs.h */
| #define PACKAGE_NAME "libtorrent-rasterbar"
| #define PACKAGE_TARNAME "libtorrent-rasterbar"
| #define PACKAGE_VERSION "1.2.0"
| #define PACKAGE_STRING "libtorrent-rasterbar 1.2.0"
| #define PACKAGE_BUGREPORT "arvid@libtorrent.org"
| #define PACKAGE_URL "http://www.libtorrent.org"
| #define PACKAGE "libtorrent-rasterbar"
| #define VERSION "1.2.0"
| #define STDC_HEADERS 1
| #define HAVE_SYS_TYPES_H 1
| #define HAVE_SYS_STAT_H 1
| #define HAVE_STDLIB_H 1
| #define HAVE_STRING_H 1
| #define HAVE_MEMORY_H 1
| #define HAVE_STRINGS_H 1
| #define HAVE_INTTYPES_H 1
| #define HAVE_STDINT_H 1
| #define HAVE_UNISTD_H 1
| #define HAVE_DLFCN_H 1
| #define LT_OBJDIR ".libs/"
| #define HAVE_PTHREAD 1
| #define HAVE_BOOST /**/
| #define HAVE_CXX11 1
| #define HAVE_BOOST_SYSTEM /**/
| /* end confdefs.h.  */
| #define _LARGE_FILES 1
| #include <sys/types.h>
|  /* Check that off_t can represent 2**63 - 1 correctly.
|     We can't simply define LARGE_OFF_T to be 9223372036854775807,
|     since some C++ compilers masquerading as C compilers
|     incorrectly reject 9223372036854775807.  */
| #define LARGE_OFF_T (((off_t) 1 << 62) - 1 + ((off_t) 1 << 62))
|   int off_t_is_large[(LARGE_OFF_T % 2147483629 == 721
| 		       && LARGE_OFF_T % 2147483647 == 1)
| 		      ? 1 : -1];
| int
| main ()
| {
| 
|   ;
|   return 0;
| }
configure:18293: result: unknown
configure:18310: checking whether ln -s works
configure:18314: result: yes
configure:18321: checking whether make sets $(MAKE)
configure:18343: result: yes
configure:18355: checking for clock_gettime
configure:18355: arm-linux-androideabi-gcc -o conftest  -pie -fPIE -O2 -g -pedantic -fomit-frame-pointer -Wa,--noexecstack -ffunction-sections -funwind-tables -no-canonical-prefixes -fno-strict-aliasing -fstack-protector -finline-limit=64 -march=armv5te -mtune=xscale -msoft-float -mthumb -I/home/xiaoming/Desktop/torrent/boost/1.65.1/include  -L/home/xiaoming/Desktop/torrent/boost/1.65.1/libs/armeabi/gnu-4.9 -pie -fPIE -Wl,--fix-cortex-a8 -Wl,--no-undefined -Wl,-z,noexecstack -Wl,-z,relro -Wl,-z,now -L/home/xiaoming/Desktop/torrent/boost/1.65.1/libs/armeabi/gnu-4.9 -L/home/xiaoming/Desktop/Boost-for-Android/openssl-android/armeabi-v7a/lib -ldl conftest.c -lboost_system   >&5
configure:18355: $? = 0
configure:18355: result: yes
configure:18588: checking whether deprecated functions should be enabled
configure:18593: result: yes
configure:18612: checking whether debug build should be enabled
configure:18627: result: no
configure:18642: checking whether invariant check should be enabled
configure:18655: result: no
configure:18679: checking whether logging to disk should be enabled
configure:18684: result: yes
configure:18706: checking whether encryption support should be enabled
configure:18711: result: yes
configure:18713: encryption support: now checking for the OpenSSL library...
configure:18799: checking for openssl/ssl.h in /home/xiaoming/Desktop/Boost-for-Android/openssl-android/armeabi-v7a
configure:18806: result: yes
configure:18822: checking whether compiling and linking against OpenSSL works
Trying link with OPENSSL_LDFLAGS=-L/home/xiaoming/Desktop/Boost-for-Android/openssl-android/armeabi-v7a/lib; OPENSSL_LIBS=-lssl -lcrypto; OPENSSL_INCLUDES=-I/home/xiaoming/Desktop/Boost-for-Android/openssl-android/armeabi-v7a/include
configure:18844: arm-linux-androideabi-gcc -o conftest  -pie -fPIE -O2 -g -pedantic -fomit-frame-pointer -Wa,--noexecstack -ffunction-sections -funwind-tables -no-canonical-prefixes -fno-strict-aliasing -fstack-protector -finline-limit=64 -march=armv5te -mtune=xscale -msoft-float -mthumb -I/home/xiaoming/Desktop/Boost-for-Android/openssl-android/armeabi-v7a/include -I/home/xiaoming/Desktop/torrent/boost/1.65.1/include  -L/home/xiaoming/Desktop/torrent/boost/1.65.1/libs/armeabi/gnu-4.9 -pie -fPIE -Wl,--fix-cortex-a8 -Wl,--no-undefined -Wl,-z,noexecstack -Wl,-z,relro -Wl,-z,now -L/home/xiaoming/Desktop/torrent/boost/1.65.1/libs/armeabi/gnu-4.9 -L/home/xiaoming/Desktop/Boost-for-Android/openssl-android/armeabi-v7a/lib -ldl -L/home/xiaoming/Desktop/Boost-for-Android/openssl-android/armeabi-v7a/lib conftest.c -lssl -lcrypto -lboost_system   >&5
In file included from /home/xiaoming/Desktop/Boost-for-Android/openssl-android/armeabi-v7a/include/openssl/x509.h:36:0,
                 from /home/xiaoming/Desktop/Boost-for-Android/openssl-android/armeabi-v7a/include/openssl/ssl.h:50,
                 from conftest.c:30:
/home/xiaoming/Desktop/Boost-for-Android/openssl-android/armeabi-v7a/include/openssl/sha.h:91:36: warning: ISO C90 does not support 'long long' [-Wlong-long]
 #  define SHA_LONG64 unsigned long long
                                    ^
/home/xiaoming/Desktop/Boost-for-Android/openssl-android/armeabi-v7a/include/openssl/sha.h:96:5: note: in expansion of macro 'SHA_LONG64'
     SHA_LONG64 h[8];
     ^
/home/xiaoming/Desktop/Boost-for-Android/openssl-android/armeabi-v7a/include/openssl/sha.h:91:36: warning: ISO C90 does not support 'long long' [-Wlong-long]
 #  define SHA_LONG64 unsigned long long
                                    ^
/home/xiaoming/Desktop/Boost-for-Android/openssl-android/armeabi-v7a/include/openssl/sha.h:97:5: note: in expansion of macro 'SHA_LONG64'
     SHA_LONG64 Nl, Nh;
     ^
/home/xiaoming/Desktop/Boost-for-Android/openssl-android/armeabi-v7a/include/openssl/sha.h:91:36: warning: ISO C90 does not support 'long long' [-Wlong-long]
 #  define SHA_LONG64 unsigned long long
                                    ^
/home/xiaoming/Desktop/Boost-for-Android/openssl-android/armeabi-v7a/include/openssl/sha.h:99:9: note: in expansion of macro 'SHA_LONG64'
         SHA_LONG64 d[SHA_LBLOCK];
         ^
/home/xiaoming/Desktop/Boost-for-Android/openssl-android/armeabi-v7a/lib/libcrypto.a(c_zlib.o):c_zlib.c:function zlib_stateful_expand_block: error: undefined reference to 'inflate'
/home/xiaoming/Desktop/Boost-for-Android/openssl-android/armeabi-v7a/lib/libcrypto.a(c_zlib.o):c_zlib.c:function zlib_stateful_compress_block: error: undefined reference to 'deflate'
/home/xiaoming/Desktop/Boost-for-Android/openssl-android/armeabi-v7a/lib/libcrypto.a(c_zlib.o):c_zlib.c:function zlib_stateful_finish: error: undefined reference to 'inflateEnd'
/home/xiaoming/Desktop/Boost-for-Android/openssl-android/armeabi-v7a/lib/libcrypto.a(c_zlib.o):c_zlib.c:function zlib_stateful_finish: error: undefined reference to 'deflateEnd'
/home/xiaoming/Desktop/Boost-for-Android/openssl-android/armeabi-v7a/lib/libcrypto.a(c_zlib.o):c_zlib.c:function zlib_stateful_init: error: undefined reference to 'inflateInit_'
/home/xiaoming/Desktop/Boost-for-Android/openssl-android/armeabi-v7a/lib/libcrypto.a(c_zlib.o):c_zlib.c:function zlib_stateful_init: error: undefined reference to 'deflateInit_'
/home/xiaoming/Desktop/Boost-for-Android/openssl-android/armeabi-v7a/lib/libcrypto.a(c_zlib.o):c_zlib.c:function bio_zlib_free: error: undefined reference to 'inflateEnd'
/home/xiaoming/Desktop/Boost-for-Android/openssl-android/armeabi-v7a/lib/libcrypto.a(c_zlib.o):c_zlib.c:function bio_zlib_free: error: undefined reference to 'deflateEnd'
/home/xiaoming/Desktop/Boost-for-Android/openssl-android/armeabi-v7a/lib/libcrypto.a(c_zlib.o):c_zlib.c:function bio_zlib_ctrl: error: undefined reference to 'deflate'
/home/xiaoming/Desktop/Boost-for-Android/openssl-android/armeabi-v7a/lib/libcrypto.a(c_zlib.o):c_zlib.c:function bio_zlib_ctrl: error: undefined reference to 'zError'
/home/xiaoming/Desktop/Boost-for-Android/openssl-android/armeabi-v7a/lib/libcrypto.a(c_zlib.o):c_zlib.c:function bio_zlib_write: error: undefined reference to 'deflate'
/home/xiaoming/Desktop/Boost-for-Android/openssl-android/armeabi-v7a/lib/libcrypto.a(c_zlib.o):c_zlib.c:function bio_zlib_write: error: undefined reference to 'zError'
/home/xiaoming/Desktop/Boost-for-Android/openssl-android/armeabi-v7a/lib/libcrypto.a(c_zlib.o):c_zlib.c:function bio_zlib_write: error: undefined reference to 'deflateInit_'
/home/xiaoming/Desktop/Boost-for-Android/openssl-android/armeabi-v7a/lib/libcrypto.a(c_zlib.o):c_zlib.c:function bio_zlib_read: error: undefined reference to 'inflate'
/home/xiaoming/Desktop/Boost-for-Android/openssl-android/armeabi-v7a/lib/libcrypto.a(c_zlib.o):c_zlib.c:function bio_zlib_read: error: undefined reference to 'zError'
/home/xiaoming/Desktop/Boost-for-Android/openssl-android/armeabi-v7a/lib/libcrypto.a(c_zlib.o):c_zlib.c:function bio_zlib_read: error: undefined reference to 'inflateInit_'
collect2: error: ld returned 1 exit status
configure:18844: $? = 1
configure: failed program was:
| /* confdefs.h */
| #define PACKAGE_NAME "libtorrent-rasterbar"
| #define PACKAGE_TARNAME "libtorrent-rasterbar"
| #define PACKAGE_VERSION "1.2.0"
| #define PACKAGE_STRING "libtorrent-rasterbar 1.2.0"
| #define PACKAGE_BUGREPORT "arvid@libtorrent.org"
| #define PACKAGE_URL "http://www.libtorrent.org"
| #define PACKAGE "libtorrent-rasterbar"
| #define VERSION "1.2.0"
| #define STDC_HEADERS 1
| #define HAVE_SYS_TYPES_H 1
| #define HAVE_SYS_STAT_H 1
| #define HAVE_STDLIB_H 1
| #define HAVE_STRING_H 1
| #define HAVE_MEMORY_H 1
| #define HAVE_STRINGS_H 1
| #define HAVE_INTTYPES_H 1
| #define HAVE_STDINT_H 1
| #define HAVE_UNISTD_H 1
| #define HAVE_DLFCN_H 1
| #define LT_OBJDIR ".libs/"
| #define HAVE_PTHREAD 1
| #define HAVE_BOOST /**/
| #define HAVE_CXX11 1
| #define HAVE_BOOST_SYSTEM /**/
| #define HAVE_CLOCK_GETTIME 1
| #define NDEBUG 1
| #define TORRENT_USE_INVARIANT_CHECKS 0
| /* end confdefs.h.  */
| #include <openssl/ssl.h>
| int
| main ()
| {
| SSL_new(NULL)
|   ;
|   return 0;
| }
configure:18860: result: no
configure:18863: error: OpenSSL library not found. Try using --with-openssl=DIR or disabling encryption at all.

## ---------------- ##
## Cache variables. ##
## ---------------- ##

ac_cv_build=x86_64-pc-linux-gnu
ac_cv_c_compiler_gnu=yes
ac_cv_cxx_compiler_gnu=yes
ac_cv_env_CCC_set=
ac_cv_env_CCC_value=
ac_cv_env_CC_set=
ac_cv_env_CC_value=
ac_cv_env_CFLAGS_set=set
ac_cv_env_CFLAGS_value='-pie -fPIE -O2 -g -pedantic -fomit-frame-pointer -Wa,--noexecstack -ffunction-sections -funwind-tables -no-canonical-prefixes -fno-strict-aliasing -fstack-protector -finline-limit=64 -march=armv5te -mtune=xscale -msoft-float -mthumb'
ac_cv_env_CPPFLAGS_set=
ac_cv_env_CPPFLAGS_value=
ac_cv_env_CPP_set=
ac_cv_env_CPP_value=
ac_cv_env_CXXCPP_set=
ac_cv_env_CXXCPP_value=
ac_cv_env_CXXFLAGS_set=set
ac_cv_env_CXXFLAGS_value=-I/home/xiaoming/Desktop/torrent/boost/1.65.1/include/boost
ac_cv_env_CXX_set=
ac_cv_env_CXX_value=
ac_cv_env_LDFLAGS_set=set
ac_cv_env_LDFLAGS_value='-pie -fPIE -Wl,--fix-cortex-a8 -Wl,--no-undefined -Wl,-z,noexecstack -Wl,-z,relro -Wl,-z,now -L/home/xiaoming/Desktop/torrent/boost/1.65.1/libs/armeabi/gnu-4.9 -L/home/xiaoming/Desktop/Boost-for-Android/openssl-android/armeabi-v7a/lib -ldl'
ac_cv_env_LIBS_set=
ac_cv_env_LIBS_value=
ac_cv_env_LT_SYS_LIBRARY_PATH_set=
ac_cv_env_LT_SYS_LIBRARY_PATH_value=
ac_cv_env_PKG_CONFIG_set=
ac_cv_env_PKG_CONFIG_value=
ac_cv_env_PYTHON_INSTALL_PARAMS_set=
ac_cv_env_PYTHON_INSTALL_PARAMS_value=
ac_cv_env_PYTHON_VERSION_set=
ac_cv_env_PYTHON_VERSION_value=
ac_cv_env_PYTHON_set=
ac_cv_env_PYTHON_value=
ac_cv_env_build_alias_set=set
ac_cv_env_build_alias_value=x86_64-pc-linux-gnu
ac_cv_env_host_alias_set=set
ac_cv_env_host_alias_value=arm-linux-androideabi
ac_cv_env_target_alias_set=
ac_cv_env_target_alias_value=
ac_cv_func_clock_gettime=yes
ac_cv_header_dlfcn_h=yes
ac_cv_header_inttypes_h=yes
ac_cv_header_memory_h=yes
ac_cv_header_stdc=yes
ac_cv_header_stdint_h=yes
ac_cv_header_stdlib_h=yes
ac_cv_header_string_h=yes
ac_cv_header_strings_h=yes
ac_cv_header_sys_stat_h=yes
ac_cv_header_sys_types_h=yes
ac_cv_header_unistd_h=yes
ac_cv_hidden_visibility_attribute=yes
ac_cv_host=arm-unknown-linux-androideabi
ac_cv_lib_boost_system___exit=yes
ac_cv_objext=o
ac_cv_path_EGREP='/bin/grep -E'
ac_cv_path_FGREP='/bin/grep -F'
ac_cv_path_GREP=/bin/grep
ac_cv_path_PKG_CONFIG=/tmp/android-9-arm32/bin/arm-linux-androideabi-pkg-config
ac_cv_path_SED=/bin/sed
ac_cv_path_install='/usr/bin/install -c'
ac_cv_path_lt_DD=/bin/dd
ac_cv_path_mkdir=/bin/mkdir
ac_cv_prog_AR=arm-linux-androideabi-ar
ac_cv_prog_AWK=mawk
ac_cv_prog_CC=arm-linux-androideabi-gcc
ac_cv_prog_CPP='arm-linux-androideabi-gcc -E'
ac_cv_prog_CXX=arm-linux-androideabi-g++
ac_cv_prog_CXXCPP='arm-linux-androideabi-g++ -E'
ac_cv_prog_OBJDUMP=arm-linux-androideabi-objdump
ac_cv_prog_RANLIB=arm-linux-androideabi-ranlib
ac_cv_prog_STRIP=arm-linux-androideabi-strip
ac_cv_prog_ac_ct_MANIFEST_TOOL=mt
ac_cv_prog_cc_arm_linux_androideabi_gcc_c_o=yes
ac_cv_prog_cc_c89=
ac_cv_prog_cc_g=yes
ac_cv_prog_cxx_c_o=yes
ac_cv_prog_cxx_g=yes
ac_cv_prog_make_make_set=yes
ac_cv_sys_file_offset_bits=unknown
ac_cv_sys_large_files=unknown
ac_cv_sys_largefile_CC=no
ac_cv_target=arm-unknown-linux-androideabi
am_cv_CC_dependencies_compiler_type=gcc3
am_cv_CXX_dependencies_compiler_type=gcc3
am_cv_make_support_nested_variables=yes
am_cv_prog_cc_c_o=yes
ax_cv_boost_system=yes
ax_cv_cxx_compile_cxx11=no
ax_cv_cxx_compile_cxx11__std_cpp11=yes
lt_cv_ar_at_file=@
lt_cv_archive_cmds_need_lc=no
lt_cv_deplibs_check_method=pass_all
lt_cv_file_magic_cmd='$MAGIC_CMD'
lt_cv_file_magic_test_file=
lt_cv_ld_reload_flag=-r
lt_cv_nm_interface='BSD nm'
lt_cv_objdir=.libs
lt_cv_path_LD=/tmp/android-9-arm32/arm-linux-androideabi/bin/ld
lt_cv_path_LDCXX=/tmp/android-9-arm32/arm-linux-androideabi/bin/ld
lt_cv_path_NM='/tmp/android-9-arm32/bin/arm-linux-androideabi-nm -B'
lt_cv_path_mainfest_tool=no
lt_cv_prog_compiler_c_o=yes
lt_cv_prog_compiler_c_o_CXX=yes
lt_cv_prog_compiler_pic='-fPIC -DPIC'
lt_cv_prog_compiler_pic_CXX='-fPIC -DPIC'
lt_cv_prog_compiler_pic_works=yes
lt_cv_prog_compiler_pic_works_CXX=yes
lt_cv_prog_compiler_rtti_exceptions=no
lt_cv_prog_compiler_static_works=no
lt_cv_prog_compiler_static_works_CXX=no
lt_cv_prog_gnu_ld=yes
lt_cv_prog_gnu_ldcxx=yes
lt_cv_sharedlib_from_linklib_cmd='printf %s\n'
lt_cv_sys_global_symbol_pipe='sed -n -e '\''s/^.*[	 ]\([ABCDGIRSTW][ABCDGIRSTW]*\)[	 ][	 ]*\([_A-Za-z][_A-Za-z0-9]*\)$/\1 \2 \2/p'\'' | sed '\''/ __gnu_lto/d'\'''
lt_cv_sys_global_symbol_to_c_name_address='sed -n -e '\''s/^: \(.*\) .*$/  {"\1", (void *) 0},/p'\'' -e '\''s/^[ABCDGIRSTW][ABCDGIRSTW]* .* \(.*\)$/  {"\1", (void *) \&\1},/p'\'''
lt_cv_sys_global_symbol_to_c_name_address_lib_prefix='sed -n -e '\''s/^: \(.*\) .*$/  {"\1", (void *) 0},/p'\'' -e '\''s/^[ABCDGIRSTW][ABCDGIRSTW]* .* \(lib.*\)$/  {"\1", (void *) \&\1},/p'\'' -e '\''s/^[ABCDGIRSTW][ABCDGIRSTW]* .* \(.*\)$/  {"lib\1", (void *) \&\1},/p'\'''
lt_cv_sys_global_symbol_to_cdecl='sed -n -e '\''s/^T .* \(.*\)$/extern int \1();/p'\'' -e '\''s/^[ABCDGIRSTW][ABCDGIRSTW]* .* \(.*\)$/extern char \1;/p'\'''
lt_cv_sys_global_symbol_to_import=
lt_cv_sys_max_cmd_len=1572864
lt_cv_to_host_file_cmd=func_convert_file_noop
lt_cv_to_tool_file_cmd=func_convert_file_noop
lt_cv_truncate_bin='/bin/dd bs=4096 count=1'

## ----------------- ##
## Output variables. ##
## ----------------- ##

ACLOCAL='${SHELL} /home/xiaoming/Desktop/Boost-for-Android/libtorrent/build-aux/missing aclocal-1.14'
AMDEPBACKSLASH='\'
AMDEP_FALSE='#'
AMDEP_TRUE=''
AMTAR='$${TAR-tar}'
AM_BACKSLASH='\'
AM_DEFAULT_V='$(AM_DEFAULT_VERBOSITY)'
AM_DEFAULT_VERBOSITY='0'
AM_V='$(V)'
AR='arm-linux-androideabi-ar'
AUTOCONF='${SHELL} /home/xiaoming/Desktop/Boost-for-Android/libtorrent/build-aux/missing autoconf'
AUTOHEADER='${SHELL} /home/xiaoming/Desktop/Boost-for-Android/libtorrent/build-aux/missing autoheader'
AUTOMAKE='${SHELL} /home/xiaoming/Desktop/Boost-for-Android/libtorrent/build-aux/missing automake-1.14'
AWK='mawk'
BOOST_CPPFLAGS='-I/home/xiaoming/Desktop/torrent/boost/1.65.1/include'
BOOST_LDFLAGS='-L/home/xiaoming/Desktop/torrent/boost/1.65.1/libs/armeabi/gnu-4.9'
BOOST_PYTHON_LIB=''
BOOST_SYSTEM_LIB='-lboost_system'
CC='arm-linux-androideabi-gcc'
CCDEPMODE='depmode=gcc3'
CFLAGS=' -pie -fPIE -O2 -g -pedantic -fomit-frame-pointer -Wa,--noexecstack -ffunction-sections -funwind-tables -no-canonical-prefixes -fno-strict-aliasing -fstack-protector -finline-limit=64 -march=armv5te -mtune=xscale -msoft-float -mthumb'
COMPILETIME_OPTIONS=''
CPP='arm-linux-androideabi-gcc -E'
CPPFLAGS='-I/home/xiaoming/Desktop/Boost-for-Android/openssl-android/armeabi-v7a/include -I/home/xiaoming/Desktop/torrent/boost/1.65.1/include '
CXX='arm-linux-androideabi-g++ -std=c++11'
CXXCPP='arm-linux-androideabi-g++ -E -std=c++11'
CXXDEPMODE='depmode=gcc3'
CXXFLAGS='-I/home/xiaoming/Desktop/torrent/boost/1.65.1/include/boost -ftemplate-depth=512 -Wno-format-zero-length'
CYGPATH_W='echo'
DEBUGFLAGS='-g0 -Os'
DEFS=''
DEPDIR='.deps'
DLLTOOL='false'
DSYMUTIL=''
DUMPBIN=''
ECHO_C=''
ECHO_N='-n'
ECHO_T=''
EGREP='/bin/grep -E'
ENABLE_DHT_FALSE=''
ENABLE_DHT_TRUE=''
ENABLE_EXAMPLES_FALSE=''
ENABLE_EXAMPLES_TRUE=''
ENABLE_PYTHON_BINDING_FALSE=''
ENABLE_PYTHON_BINDING_TRUE=''
ENABLE_TESTS_FALSE=''
ENABLE_TESTS_TRUE=''
EXEEXT=''
FGREP='/bin/grep -F'
GREP='/bin/grep'
HAVE_CXX11='1'
ICONV_LIBS=''
INSTALL_DATA='${INSTALL} -m 644'
INSTALL_PROGRAM='${INSTALL}'
INSTALL_SCRIPT='${INSTALL}'
INSTALL_STRIP_PROGRAM='$(install_sh) -c -s'
INTERFACE_VERSION_INFO='10:0:0'
LD='/tmp/android-9-arm32/arm-linux-androideabi/bin/ld'
LDFLAGS='-L/home/xiaoming/Desktop/torrent/boost/1.65.1/libs/armeabi/gnu-4.9 -pie -fPIE -Wl,--fix-cortex-a8 -Wl,--no-undefined -Wl,-z,noexecstack -Wl,-z,relro -Wl,-z,now -L/home/xiaoming/Desktop/torrent/boost/1.65.1/libs/armeabi/gnu-4.9 -L/home/xiaoming/Desktop/Boost-for-Android/openssl-android/armeabi-v7a/lib -ldl -L/home/xiaoming/Desktop/Boost-for-Android/openssl-android/armeabi-v7a/lib'
LIBICONV=''
LIBOBJS=''
LIBS='-lssl -lcrypto -lboost_system  '
LIBTOOL='$(SHELL) $(top_builddir)/libtool'
LIPO=''
LN_S='ln -s'
LTLIBICONV=''
LTLIBOBJS=''
LT_SYS_LIBRARY_PATH=''
MAINT=''
MAINTAINER_MODE_FALSE='#'
MAINTAINER_MODE_TRUE=''
MAKEINFO='${SHELL} /home/xiaoming/Desktop/Boost-for-Android/libtorrent/build-aux/missing makeinfo'
MANIFEST_TOOL=':'
MKDIR_P='/bin/mkdir -p'
NM='/tmp/android-9-arm32/bin/arm-linux-androideabi-nm -B'
NMEDIT=''
OBJDUMP='arm-linux-androideabi-objdump'
OBJEXT='o'
OPENSSL_INCLUDES='-I/home/xiaoming/Desktop/Boost-for-Android/openssl-android/armeabi-v7a/include'
OPENSSL_LDFLAGS='-L/home/xiaoming/Desktop/Boost-for-Android/openssl-android/armeabi-v7a/lib'
OPENSSL_LIBS='-lssl -lcrypto'
OTOOL64=''
OTOOL=''
PACKAGE='libtorrent-rasterbar'
PACKAGE_BUGREPORT='arvid@libtorrent.org'
PACKAGE_NAME='libtorrent-rasterbar'
PACKAGE_STRING='libtorrent-rasterbar 1.2.0'
PACKAGE_TARNAME='libtorrent-rasterbar'
PACKAGE_URL='http://www.libtorrent.org'
PACKAGE_VERSION='1.2.0'
PATH_SEPARATOR=':'
PKG_CONFIG='/tmp/android-9-arm32/bin/arm-linux-androideabi-pkg-config'
PTHREAD_CC='arm-linux-androideabi-gcc'
PTHREAD_CFLAGS=''
PTHREAD_LIBS=''
PYTHON=''
PYTHON_CPPFLAGS=''
PYTHON_CXXFLAGS=''
PYTHON_EXEC_PREFIX=''
PYTHON_EXTRA_LDFLAGS=''
PYTHON_EXTRA_LIBS=''
PYTHON_INSTALL_PARAMS=''
PYTHON_LIBS=''
PYTHON_PLATFORM=''
PYTHON_PREFIX=''
PYTHON_SITE_PKG=''
PYTHON_VERSION=''
RANLIB='arm-linux-androideabi-ranlib'
SED='/bin/sed'
SET_MAKE=''
SHELL='/bin/sh'
STRIP='arm-linux-androideabi-strip'
VERSION='1.2.0'
WITH_OPENSSL_FALSE=''
WITH_OPENSSL_TRUE=''
ac_ct_AR=''
ac_ct_CC=''
ac_ct_CXX=''
ac_ct_DUMPBIN=''
am__EXEEXT_FALSE=''
am__EXEEXT_TRUE=''
am__fastdepCC_FALSE='#'
am__fastdepCC_TRUE=''
am__fastdepCXX_FALSE='#'
am__fastdepCXX_TRUE=''
am__include='include'
am__isrc=''
am__leading_dot='.'
am__nodep='_no'
am__quote=''
am__tar='$${TAR-tar} chof - "$$tardir"'
am__untar='$${TAR-tar} xf -'
ax_pthread_config=''
bindir='${exec_prefix}/bin'
build='x86_64-pc-linux-gnu'
build_alias='x86_64-pc-linux-gnu'
build_cpu='x86_64'
build_os='linux-gnu'
build_vendor='pc'
datadir='${datarootdir}'
datarootdir='${prefix}/share'
docdir='${datarootdir}/doc/${PACKAGE_TARNAME}'
dvidir='${docdir}'
exec_prefix='NONE'
host='arm-unknown-linux-androideabi'
host_alias='arm-linux-androideabi'
host_cpu='arm'
host_os='linux-androideabi'
host_vendor='unknown'
htmldir='${docdir}'
includedir='${prefix}/include'
infodir='${datarootdir}/info'
install_sh='${SHELL} /home/xiaoming/Desktop/Boost-for-Android/libtorrent/build-aux/install-sh'
libdir='${exec_prefix}/lib'
libexecdir='${exec_prefix}/libexec'
localedir='${datarootdir}/locale'
localstatedir='${prefix}/var'
mandir='${datarootdir}/man'
mkdir_p='$(MKDIR_P)'
oldincludedir='/usr/include'
pdfdir='${docdir}'
pkgpyexecdir=''
pkgpythondir=''
prefix='/home/xiaoming/Desktop/Boost-for-Android/libtorrent/android/armeabi'
program_transform_name='s,x,x,'
psdir='${docdir}'
pyexecdir=''
pythondir=''
sbindir='${exec_prefix}/sbin'
sharedstatedir='${prefix}/com'
sysconfdir='${prefix}/etc'
target='arm-unknown-linux-androideabi'
target_alias=''
target_cpu='arm'
target_os='linux-androideabi'
target_vendor='unknown'

## ----------- ##
## confdefs.h. ##
## ----------- ##

/* confdefs.h */
#define PACKAGE_NAME "libtorrent-rasterbar"
#define PACKAGE_TARNAME "libtorrent-rasterbar"
#define PACKAGE_VERSION "1.2.0"
#define PACKAGE_STRING "libtorrent-rasterbar 1.2.0"
#define PACKAGE_BUGREPORT "arvid@libtorrent.org"
#define PACKAGE_URL "http://www.libtorrent.org"
#define PACKAGE "libtorrent-rasterbar"
#define VERSION "1.2.0"
#define STDC_HEADERS 1
#define HAVE_SYS_TYPES_H 1
#define HAVE_SYS_STAT_H 1
#define HAVE_STDLIB_H 1
#define HAVE_STRING_H 1
#define HAVE_MEMORY_H 1
#define HAVE_STRINGS_H 1
#define HAVE_INTTYPES_H 1
#define HAVE_STDINT_H 1
#define HAVE_UNISTD_H 1
#define HAVE_DLFCN_H 1
#define LT_OBJDIR ".libs/"
#define HAVE_PTHREAD 1
#define HAVE_BOOST /**/
#define HAVE_CXX11 1
#define HAVE_BOOST_SYSTEM /**/
#define HAVE_CLOCK_GETTIME 1
#define NDEBUG 1
#define TORRENT_USE_INVARIANT_CHECKS 0

configure: exit 1
